27-04-2018 19:06:50 INFO ProductDaoTester.testFind, line 66 -> All products:
27-04-2018 19:06:51 INFO ProductDaoTester.testFind, line 67 -> [
Product ID = 1
Product code = D001
isAvailable: true
nameEn: Royal Canin X-Small Junior
nameRu: Royal Canin X-Small Junior
descriptionEn: Royal Canin dry feed for small and miniature puppets
descriptionRu: Корм Роял Канин для щенков миниатюрных пород
cost: 282.0
quantity: 50.0
uomEn: kg
uomRu: кг
notesEn: Created by test script
notesRu: Сгенерировано тестовым скриптом
---------------------------------------------------------------------------------------------------, 
Product ID = 2
Product code = D002
isAvailable: true
nameEn: Royal Canin X-Small Adult
nameRu: Royal Canin X-Small Adult
descriptionEn: Royal Canin dry feed for small and miniature adult dogs
descriptionRu: Корм Роял Канин для взрослых собак миниатюрных пород
cost: 258.0
quantity: 50.0
uomEn: kg
uomRu: кг
notesEn: Created by test script
notesRu: Сгенерировано тестовым скриптом
---------------------------------------------------------------------------------------------------, 
Product ID = 3
Product code = D003
isAvailable: true
nameEn: Royal Canin Mini Junior
nameRu: Royal Canin Mini Junior
descriptionEn: Royal Canin dry feed for small puppets
descriptionRu: Корм Роял Канин для щенков мeлких пород
cost: 226.25
quantity: 100.0
uomEn: kg
uomRu: кг
notesEn: Created by test script
notesRu: Сгенерировано тестовым скриптом
---------------------------------------------------------------------------------------------------, 
Product ID = 4
Product code = D004
isAvailable: true
nameEn: Royal Canin Mini Adult
nameRu: Royal Canin Mini Adult
descriptionEn: Royal Canin dry feed for small adult dogs
descriptionRu: Корм Роял Канин для взрослых собак мелких пород
cost: 216.25
quantity: 150.0
uomEn: kg
uomRu: кг
notesEn: Created by test script
notesRu: Сгенерировано тестовым скриптом
---------------------------------------------------------------------------------------------------, 
Product ID = 5
Product code = D005
isAvailable: true
nameEn: Royal Canin Medium Junior
nameRu: Royal Canin Medium Junior
descriptionEn: Royal Canin dry feed for medium size puppets
descriptionRu: Корм Роял Канин для щенков средних пород
cost: 189.0
quantity: 250.0
uomEn: kg
uomRu: кг
notesEn: Created by test script
notesRu: Сгенерировано тестовым скриптом
---------------------------------------------------------------------------------------------------, 
Product ID = 6
Product code = D006
isAvailable: true
nameEn: Royal Canin Medium Adult
nameRu: Royal Canin Medium Adult
descriptionEn: Royal Canin dry feed for medium size adult dogs
descriptionRu: Корм Роял Канин для взрослых собак средних пород
cost: 189.0
quantity: 300.0
uomEn: kg
uomRu: кг
notesEn: Created by test script
notesRu: Сгенерировано тестовым скриптом
---------------------------------------------------------------------------------------------------, 
Product ID = 7
Product code = D007
isAvailable: true
nameEn: Royal Canin Maxi Junior
nameRu: Royal Canin Maxi Junior
descriptionEn: Royal Canin dry feed for big size puppets
descriptionRu: Корм Роял Канин для щенков крупных пород
cost: 197.0
quantity: 300.0
uomEn: kg
uomRu: кг
notesEn: Created by test script
notesRu: Сгенерировано тестовым скриптом
---------------------------------------------------------------------------------------------------, 
Product ID = 8
Product code = D008
isAvailable: true
nameEn: Royal Canin Maxi Adult
nameRu: Royal Canin Maxi Adult
descriptionEn: Royal Canin dry feed for big size adult dogs
descriptionRu: Корм Роял Канин для взрослых собак крупных пород
cost: 148.5
quantity: 400.0
uomEn: kg
uomRu: кг
notesEn: Created by test script
notesRu: Сгенерировано тестовым скриптом
---------------------------------------------------------------------------------------------------, 
Product ID = 9
Product code = D009
isAvailable: true
nameEn: Royal Canin Energy
nameRu: Royal Canin Energy
descriptionEn: Royal Canin crockets for adult dogs training
descriptionRu: Крокеты Роял Канин для дрессировки взрослых собак
cost: 21.7
quantity: 1500.0
uomEn: pcs
uomRu: шт
notesEn: Created by test script
notesRu: Сгенерировано тестовым скриптом
---------------------------------------------------------------------------------------------------, 
Product ID = 10
Product code = D010
isAvailable: true
nameEn: Royal Canin Educ
nameRu: Royal Canin Educ
descriptionEn: Royal Canin crockets for adult dogs and puppets training
descriptionRu: Крокеты Роял Канин для дрессировки взрослых собак и щенков
cost: 21.7
quantity: 3000.0
uomEn: pcs
uomRu: шт
notesEn: Created by test script
notesRu: Сгенерировано тестовым скриптом
---------------------------------------------------------------------------------------------------, 
Product ID = 11
Product code = C001
isAvailable: true
nameEn: Royal Canin Kitten 0 - 3
nameRu: Royal Canin Kitten 0 - 3
descriptionEn: Royal Canin dry feed for kittens 0 - 3 month
descriptionRu: Корм Роял Канин для котят в возрасте 0 - 3 месяцeв
cost: 247.5
quantity: 50.0
uomEn: kg
uomRu: кг
notesEn: Added by ProductDaoTester runner
notesRu: Сгенерировано классом ProductDaoTester
---------------------------------------------------------------------------------------------------, 
Product ID = 12
Product code = C002
isAvailable: true
nameEn: Royal Canin Kitten 3 - 12
nameRu: Royal Canin Kitten 3 - 12
descriptionEn: Royal Canin dry feed for kittens 3 - 12 month
descriptionRu: Корм Роял Канин для котят в возрасте 3 - 12 месяцeв
cost: 247.5
quantity: 50.0
uomEn: kg
uomRu: кг
notesEn: Updated by ProductDaoTester at 2018-04-27 13:35:50.089
notesRu: Обновлено ProductDaoTester at 2018-04-27 13:35:50.089
---------------------------------------------------------------------------------------------------]
27-04-2018 19:06:51 INFO ProductDaoTester.testFind, line 68 -> Product by id = 11
27-04-2018 19:06:51 INFO ProductDaoTester.testFind, line 69 -> 
Product ID = 11
Product code = C001
isAvailable: true
nameEn: Royal Canin Kitten 0 - 3
nameRu: Royal Canin Kitten 0 - 3
descriptionEn: Royal Canin dry feed for kittens 0 - 3 month
descriptionRu: Корм Роял Канин для котят в возрасте 0 - 3 месяцeв
cost: 247.5
quantity: 50.0
uomEn: kg
uomRu: кг
notesEn: Added by ProductDaoTester runner
notesRu: Сгенерировано классом ProductDaoTester
---------------------------------------------------------------------------------------------------
27-04-2018 19:06:51 INFO ProductDaoTester.testFind, line 70 -> Product by code = D010
27-04-2018 19:06:51 INFO ProductDaoTester.testFind, line 71 -> 
Product ID = 10
Product code = D010
isAvailable: true
nameEn: Royal Canin Educ
nameRu: Royal Canin Educ
descriptionEn: Royal Canin crockets for adult dogs and puppets training
descriptionRu: Крокеты Роял Канин для дрессировки взрослых собак и щенков
cost: 21.7
quantity: 3000.0
uomEn: pcs
uomRu: шт
notesEn: Created by test script
notesRu: Сгенерировано тестовым скриптом
---------------------------------------------------------------------------------------------------
27-04-2018 19:08:35 INFO ProductDaoTester.testFind, line 66 -> All products:
27-04-2018 19:08:35 INFO ProductDaoTester.testFind, line 67 -> [
Product ID = 1
Product code = D001
isAvailable: true
nameEn: Royal Canin X-Small Junior
nameRu: Royal Canin X-Small Junior
descriptionEn: Royal Canin dry feed for small and miniature puppets
descriptionRu: Корм Роял Канин для щенков миниатюрных пород
cost: 282.0
quantity: 50.0
uomEn: kg
uomRu: кг
notesEn: Created by test script
notesRu: Сгенерировано тестовым скриптом
---------------------------------------------------------------------------------------------------, 
Product ID = 2
Product code = D002
isAvailable: true
nameEn: Royal Canin X-Small Adult
nameRu: Royal Canin X-Small Adult
descriptionEn: Royal Canin dry feed for small and miniature adult dogs
descriptionRu: Корм Роял Канин для взрослых собак миниатюрных пород
cost: 258.0
quantity: 50.0
uomEn: kg
uomRu: кг
notesEn: Created by test script
notesRu: Сгенерировано тестовым скриптом
---------------------------------------------------------------------------------------------------, 
Product ID = 3
Product code = D003
isAvailable: true
nameEn: Royal Canin Mini Junior
nameRu: Royal Canin Mini Junior
descriptionEn: Royal Canin dry feed for small puppets
descriptionRu: Корм Роял Канин для щенков мeлких пород
cost: 226.25
quantity: 100.0
uomEn: kg
uomRu: кг
notesEn: Created by test script
notesRu: Сгенерировано тестовым скриптом
---------------------------------------------------------------------------------------------------, 
Product ID = 4
Product code = D004
isAvailable: true
nameEn: Royal Canin Mini Adult
nameRu: Royal Canin Mini Adult
descriptionEn: Royal Canin dry feed for small adult dogs
descriptionRu: Корм Роял Канин для взрослых собак мелких пород
cost: 216.25
quantity: 150.0
uomEn: kg
uomRu: кг
notesEn: Created by test script
notesRu: Сгенерировано тестовым скриптом
---------------------------------------------------------------------------------------------------, 
Product ID = 5
Product code = D005
isAvailable: true
nameEn: Royal Canin Medium Junior
nameRu: Royal Canin Medium Junior
descriptionEn: Royal Canin dry feed for medium size puppets
descriptionRu: Корм Роял Канин для щенков средних пород
cost: 189.0
quantity: 250.0
uomEn: kg
uomRu: кг
notesEn: Created by test script
notesRu: Сгенерировано тестовым скриптом
---------------------------------------------------------------------------------------------------, 
Product ID = 6
Product code = D006
isAvailable: true
nameEn: Royal Canin Medium Adult
nameRu: Royal Canin Medium Adult
descriptionEn: Royal Canin dry feed for medium size adult dogs
descriptionRu: Корм Роял Канин для взрослых собак средних пород
cost: 189.0
quantity: 300.0
uomEn: kg
uomRu: кг
notesEn: Created by test script
notesRu: Сгенерировано тестовым скриптом
---------------------------------------------------------------------------------------------------, 
Product ID = 7
Product code = D007
isAvailable: true
nameEn: Royal Canin Maxi Junior
nameRu: Royal Canin Maxi Junior
descriptionEn: Royal Canin dry feed for big size puppets
descriptionRu: Корм Роял Канин для щенков крупных пород
cost: 197.0
quantity: 300.0
uomEn: kg
uomRu: кг
notesEn: Created by test script
notesRu: Сгенерировано тестовым скриптом
---------------------------------------------------------------------------------------------------, 
Product ID = 8
Product code = D008
isAvailable: true
nameEn: Royal Canin Maxi Adult
nameRu: Royal Canin Maxi Adult
descriptionEn: Royal Canin dry feed for big size adult dogs
descriptionRu: Корм Роял Канин для взрослых собак крупных пород
cost: 148.5
quantity: 400.0
uomEn: kg
uomRu: кг
notesEn: Created by test script
notesRu: Сгенерировано тестовым скриптом
---------------------------------------------------------------------------------------------------, 
Product ID = 9
Product code = D009
isAvailable: true
nameEn: Royal Canin Energy
nameRu: Royal Canin Energy
descriptionEn: Royal Canin crockets for adult dogs training
descriptionRu: Крокеты Роял Канин для дрессировки взрослых собак
cost: 21.7
quantity: 1500.0
uomEn: pcs
uomRu: шт
notesEn: Created by test script
notesRu: Сгенерировано тестовым скриптом
---------------------------------------------------------------------------------------------------, 
Product ID = 10
Product code = D010
isAvailable: true
nameEn: Royal Canin Educ
nameRu: Royal Canin Educ
descriptionEn: Royal Canin crockets for adult dogs and puppets training
descriptionRu: Крокеты Роял Канин для дрессировки взрослых собак и щенков
cost: 21.7
quantity: 3000.0
uomEn: pcs
uomRu: шт
notesEn: Created by test script
notesRu: Сгенерировано тестовым скриптом
---------------------------------------------------------------------------------------------------, 
Product ID = 11
Product code = C001
isAvailable: true
nameEn: Royal Canin Kitten 0 - 3
nameRu: Royal Canin Kitten 0 - 3
descriptionEn: Royal Canin dry feed for kittens 0 - 3 month
descriptionRu: Корм Роял Канин для котят в возрасте 0 - 3 месяцeв
cost: 247.5
quantity: 50.0
uomEn: kg
uomRu: кг
notesEn: Added by ProductDaoTester runner
notesRu: Сгенерировано классом ProductDaoTester
---------------------------------------------------------------------------------------------------, 
Product ID = 12
Product code = C002
isAvailable: true
nameEn: Royal Canin Kitten 3 - 12
nameRu: Royal Canin Kitten 3 - 12
descriptionEn: Royal Canin dry feed for kittens 3 - 12 month
descriptionRu: Корм Роял Канин для котят в возрасте 3 - 12 месяцeв
cost: 247.5
quantity: 50.0
uomEn: kg
uomRu: кг
notesEn: Updated by ProductDaoTester at 2018-04-27 13:35:50.089
notesRu: Обновлено ProductDaoTester at 2018-04-27 13:35:50.089
---------------------------------------------------------------------------------------------------]
27-04-2018 19:08:35 INFO ProductDaoTester.testFind, line 68 -> Product by id = 11
27-04-2018 19:08:35 INFO ProductDaoTester.testFind, line 69 -> 
Product ID = 11
Product code = C001
isAvailable: true
nameEn: Royal Canin Kitten 0 - 3
nameRu: Royal Canin Kitten 0 - 3
descriptionEn: Royal Canin dry feed for kittens 0 - 3 month
descriptionRu: Корм Роял Канин для котят в возрасте 0 - 3 месяцeв
cost: 247.5
quantity: 50.0
uomEn: kg
uomRu: кг
notesEn: Added by ProductDaoTester runner
notesRu: Сгенерировано классом ProductDaoTester
---------------------------------------------------------------------------------------------------
27-04-2018 19:08:35 INFO ProductDaoTester.testFind, line 70 -> Product by code = D010
27-04-2018 19:08:35 INFO ProductDaoTester.testFind, line 71 -> 
Product ID = 10
Product code = D010
isAvailable: true
nameEn: Royal Canin Educ
nameRu: Royal Canin Educ
descriptionEn: Royal Canin crockets for adult dogs and puppets training
descriptionRu: Крокеты Роял Канин для дрессировки взрослых собак и щенков
cost: 21.7
quantity: 3000.0
uomEn: pcs
uomRu: шт
notesEn: Created by test script
notesRu: Сгенерировано тестовым скриптом
---------------------------------------------------------------------------------------------------
27-04-2018 19:09:10 INFO ProductDaoTester.testFind, line 66 -> All products:
27-04-2018 19:09:10 INFO ProductDaoTester.testFind, line 67 -> [
Product ID = 1
Product code = D001
isAvailable: true
nameEn: Royal Canin X-Small Junior
nameRu: Royal Canin X-Small Junior
descriptionEn: Royal Canin dry feed for small and miniature puppets
descriptionRu: Корм Роял Канин для щенков миниатюрных пород
cost: 282.0
quantity: 50.0
uomEn: kg
uomRu: кг
notesEn: Created by test script
notesRu: Сгенерировано тестовым скриптом
---------------------------------------------------------------------------------------------------, 
Product ID = 2
Product code = D002
isAvailable: true
nameEn: Royal Canin X-Small Adult
nameRu: Royal Canin X-Small Adult
descriptionEn: Royal Canin dry feed for small and miniature adult dogs
descriptionRu: Корм Роял Канин для взрослых собак миниатюрных пород
cost: 258.0
quantity: 50.0
uomEn: kg
uomRu: кг
notesEn: Created by test script
notesRu: Сгенерировано тестовым скриптом
---------------------------------------------------------------------------------------------------, 
Product ID = 3
Product code = D003
isAvailable: true
nameEn: Royal Canin Mini Junior
nameRu: Royal Canin Mini Junior
descriptionEn: Royal Canin dry feed for small puppets
descriptionRu: Корм Роял Канин для щенков мeлких пород
cost: 226.25
quantity: 100.0
uomEn: kg
uomRu: кг
notesEn: Created by test script
notesRu: Сгенерировано тестовым скриптом
---------------------------------------------------------------------------------------------------, 
Product ID = 4
Product code = D004
isAvailable: true
nameEn: Royal Canin Mini Adult
nameRu: Royal Canin Mini Adult
descriptionEn: Royal Canin dry feed for small adult dogs
descriptionRu: Корм Роял Канин для взрослых собак мелких пород
cost: 216.25
quantity: 150.0
uomEn: kg
uomRu: кг
notesEn: Created by test script
notesRu: Сгенерировано тестовым скриптом
---------------------------------------------------------------------------------------------------, 
Product ID = 5
Product code = D005
isAvailable: true
nameEn: Royal Canin Medium Junior
nameRu: Royal Canin Medium Junior
descriptionEn: Royal Canin dry feed for medium size puppets
descriptionRu: Корм Роял Канин для щенков средних пород
cost: 189.0
quantity: 250.0
uomEn: kg
uomRu: кг
notesEn: Created by test script
notesRu: Сгенерировано тестовым скриптом
---------------------------------------------------------------------------------------------------, 
Product ID = 6
Product code = D006
isAvailable: true
nameEn: Royal Canin Medium Adult
nameRu: Royal Canin Medium Adult
descriptionEn: Royal Canin dry feed for medium size adult dogs
descriptionRu: Корм Роял Канин для взрослых собак средних пород
cost: 189.0
quantity: 300.0
uomEn: kg
uomRu: кг
notesEn: Created by test script
notesRu: Сгенерировано тестовым скриптом
---------------------------------------------------------------------------------------------------, 
Product ID = 7
Product code = D007
isAvailable: true
nameEn: Royal Canin Maxi Junior
nameRu: Royal Canin Maxi Junior
descriptionEn: Royal Canin dry feed for big size puppets
descriptionRu: Корм Роял Канин для щенков крупных пород
cost: 197.0
quantity: 300.0
uomEn: kg
uomRu: кг
notesEn: Created by test script
notesRu: Сгенерировано тестовым скриптом
---------------------------------------------------------------------------------------------------, 
Product ID = 8
Product code = D008
isAvailable: true
nameEn: Royal Canin Maxi Adult
nameRu: Royal Canin Maxi Adult
descriptionEn: Royal Canin dry feed for big size adult dogs
descriptionRu: Корм Роял Канин для взрослых собак крупных пород
cost: 148.5
quantity: 400.0
uomEn: kg
uomRu: кг
notesEn: Created by test script
notesRu: Сгенерировано тестовым скриптом
---------------------------------------------------------------------------------------------------, 
Product ID = 9
Product code = D009
isAvailable: true
nameEn: Royal Canin Energy
nameRu: Royal Canin Energy
descriptionEn: Royal Canin crockets for adult dogs training
descriptionRu: Крокеты Роял Канин для дрессировки взрослых собак
cost: 21.7
quantity: 1500.0
uomEn: pcs
uomRu: шт
notesEn: Created by test script
notesRu: Сгенерировано тестовым скриптом
---------------------------------------------------------------------------------------------------, 
Product ID = 10
Product code = D010
isAvailable: true
nameEn: Royal Canin Educ
nameRu: Royal Canin Educ
descriptionEn: Royal Canin crockets for adult dogs and puppets training
descriptionRu: Крокеты Роял Канин для дрессировки взрослых собак и щенков
cost: 21.7
quantity: 3000.0
uomEn: pcs
uomRu: шт
notesEn: Created by test script
notesRu: Сгенерировано тестовым скриптом
---------------------------------------------------------------------------------------------------, 
Product ID = 11
Product code = C001
isAvailable: true
nameEn: Royal Canin Kitten 0 - 3
nameRu: Royal Canin Kitten 0 - 3
descriptionEn: Royal Canin dry feed for kittens 0 - 3 month
descriptionRu: Корм Роял Канин для котят в возрасте 0 - 3 месяцeв
cost: 247.5
quantity: 50.0
uomEn: kg
uomRu: кг
notesEn: Added by ProductDaoTester runner
notesRu: Сгенерировано классом ProductDaoTester
---------------------------------------------------------------------------------------------------, 
Product ID = 12
Product code = C002
isAvailable: true
nameEn: Royal Canin Kitten 3 - 12
nameRu: Royal Canin Kitten 3 - 12
descriptionEn: Royal Canin dry feed for kittens 3 - 12 month
descriptionRu: Корм Роял Канин для котят в возрасте 3 - 12 месяцeв
cost: 247.5
quantity: 50.0
uomEn: kg
uomRu: кг
notesEn: Updated by ProductDaoTester at 2018-04-27 13:35:50.089
notesRu: Обновлено ProductDaoTester at 2018-04-27 13:35:50.089
---------------------------------------------------------------------------------------------------]
27-04-2018 19:09:10 INFO ProductDaoTester.testFind, line 68 -> Product by id = 11
27-04-2018 19:09:10 INFO ProductDaoTester.testFind, line 69 -> 
Product ID = 11
Product code = C001
isAvailable: true
nameEn: Royal Canin Kitten 0 - 3
nameRu: Royal Canin Kitten 0 - 3
descriptionEn: Royal Canin dry feed for kittens 0 - 3 month
descriptionRu: Корм Роял Канин для котят в возрасте 0 - 3 месяцeв
cost: 247.5
quantity: 50.0
uomEn: kg
uomRu: кг
notesEn: Added by ProductDaoTester runner
notesRu: Сгенерировано классом ProductDaoTester
---------------------------------------------------------------------------------------------------
27-04-2018 19:09:10 INFO ProductDaoTester.testFind, line 70 -> Product by code = D010
27-04-2018 19:09:10 INFO ProductDaoTester.testFind, line 71 -> 
Product ID = 10
Product code = D010
isAvailable: true
nameEn: Royal Canin Educ
nameRu: Royal Canin Educ
descriptionEn: Royal Canin crockets for adult dogs and puppets training
descriptionRu: Крокеты Роял Канин для дрессировки взрослых собак и щенков
cost: 21.7
quantity: 3000.0
uomEn: pcs
uomRu: шт
notesEn: Created by test script
notesRu: Сгенерировано тестовым скриптом
---------------------------------------------------------------------------------------------------
27-04-2018 19:10:58 INFO ProductDaoTester.testFind, line 66 -> All products:
27-04-2018 19:10:58 INFO ProductDaoTester.testFind, line 67 -> [
Product ID = 1
Product code = D001
isAvailable: true
nameEn: Royal Canin X-Small Junior
nameRu: Royal Canin X-Small Junior
descriptionEn: Royal Canin dry feed for small and miniature puppets
descriptionRu: Корм Роял Канин для щенков миниатюрных пород
cost: 282.0
quantity: 50.0
uomEn: kg
uomRu: кг
notesEn: Created by test script
notesRu: Сгенерировано тестовым скриптом
---------------------------------------------------------------------------------------------------, 
Product ID = 2
Product code = D002
isAvailable: true
nameEn: Royal Canin X-Small Adult
nameRu: Royal Canin X-Small Adult
descriptionEn: Royal Canin dry feed for small and miniature adult dogs
descriptionRu: Корм Роял Канин для взрослых собак миниатюрных пород
cost: 258.0
quantity: 50.0
uomEn: kg
uomRu: кг
notesEn: Created by test script
notesRu: Сгенерировано тестовым скриптом
---------------------------------------------------------------------------------------------------, 
Product ID = 3
Product code = D003
isAvailable: true
nameEn: Royal Canin Mini Junior
nameRu: Royal Canin Mini Junior
descriptionEn: Royal Canin dry feed for small puppets
descriptionRu: Корм Роял Канин для щенков мeлких пород
cost: 226.25
quantity: 100.0
uomEn: kg
uomRu: кг
notesEn: Created by test script
notesRu: Сгенерировано тестовым скриптом
---------------------------------------------------------------------------------------------------, 
Product ID = 4
Product code = D004
isAvailable: true
nameEn: Royal Canin Mini Adult
nameRu: Royal Canin Mini Adult
descriptionEn: Royal Canin dry feed for small adult dogs
descriptionRu: Корм Роял Канин для взрослых собак мелких пород
cost: 216.25
quantity: 150.0
uomEn: kg
uomRu: кг
notesEn: Created by test script
notesRu: Сгенерировано тестовым скриптом
---------------------------------------------------------------------------------------------------, 
Product ID = 5
Product code = D005
isAvailable: true
nameEn: Royal Canin Medium Junior
nameRu: Royal Canin Medium Junior
descriptionEn: Royal Canin dry feed for medium size puppets
descriptionRu: Корм Роял Канин для щенков средних пород
cost: 189.0
quantity: 250.0
uomEn: kg
uomRu: кг
notesEn: Created by test script
notesRu: Сгенерировано тестовым скриптом
---------------------------------------------------------------------------------------------------, 
Product ID = 6
Product code = D006
isAvailable: true
nameEn: Royal Canin Medium Adult
nameRu: Royal Canin Medium Adult
descriptionEn: Royal Canin dry feed for medium size adult dogs
descriptionRu: Корм Роял Канин для взрослых собак средних пород
cost: 189.0
quantity: 300.0
uomEn: kg
uomRu: кг
notesEn: Created by test script
notesRu: Сгенерировано тестовым скриптом
---------------------------------------------------------------------------------------------------, 
Product ID = 7
Product code = D007
isAvailable: true
nameEn: Royal Canin Maxi Junior
nameRu: Royal Canin Maxi Junior
descriptionEn: Royal Canin dry feed for big size puppets
descriptionRu: Корм Роял Канин для щенков крупных пород
cost: 197.0
quantity: 300.0
uomEn: kg
uomRu: кг
notesEn: Created by test script
notesRu: Сгенерировано тестовым скриптом
---------------------------------------------------------------------------------------------------, 
Product ID = 8
Product code = D008
isAvailable: true
nameEn: Royal Canin Maxi Adult
nameRu: Royal Canin Maxi Adult
descriptionEn: Royal Canin dry feed for big size adult dogs
descriptionRu: Корм Роял Канин для взрослых собак крупных пород
cost: 148.5
quantity: 400.0
uomEn: kg
uomRu: кг
notesEn: Created by test script
notesRu: Сгенерировано тестовым скриптом
---------------------------------------------------------------------------------------------------, 
Product ID = 9
Product code = D009
isAvailable: true
nameEn: Royal Canin Energy
nameRu: Royal Canin Energy
descriptionEn: Royal Canin crockets for adult dogs training
descriptionRu: Крокеты Роял Канин для дрессировки взрослых собак
cost: 21.7
quantity: 1500.0
uomEn: pcs
uomRu: шт
notesEn: Created by test script
notesRu: Сгенерировано тестовым скриптом
---------------------------------------------------------------------------------------------------, 
Product ID = 10
Product code = D010
isAvailable: true
nameEn: Royal Canin Educ
nameRu: Royal Canin Educ
descriptionEn: Royal Canin crockets for adult dogs and puppets training
descriptionRu: Крокеты Роял Канин для дрессировки взрослых собак и щенков
cost: 21.7
quantity: 3000.0
uomEn: pcs
uomRu: шт
notesEn: Created by test script
notesRu: Сгенерировано тестовым скриптом
---------------------------------------------------------------------------------------------------, 
Product ID = 11
Product code = C001
isAvailable: true
nameEn: Royal Canin Kitten 0 - 3
nameRu: Royal Canin Kitten 0 - 3
descriptionEn: Royal Canin dry feed for kittens 0 - 3 month
descriptionRu: Корм Роял Канин для котят в возрасте 0 - 3 месяцeв
cost: 247.5
quantity: 50.0
uomEn: kg
uomRu: кг
notesEn: Added by ProductDaoTester runner
notesRu: Сгенерировано классом ProductDaoTester
---------------------------------------------------------------------------------------------------, 
Product ID = 12
Product code = C002
isAvailable: true
nameEn: Royal Canin Kitten 3 - 12
nameRu: Royal Canin Kitten 3 - 12
descriptionEn: Royal Canin dry feed for kittens 3 - 12 month
descriptionRu: Корм Роял Канин для котят в возрасте 3 - 12 месяцeв
cost: 247.5
quantity: 50.0
uomEn: kg
uomRu: кг
notesEn: Updated by ProductDaoTester at 2018-04-27 13:35:50.089
notesRu: Обновлено ProductDaoTester at 2018-04-27 13:35:50.089
---------------------------------------------------------------------------------------------------]
27-04-2018 19:10:58 INFO ProductDaoTester.testFind, line 68 -> Product by id = 11
27-04-2018 19:10:58 INFO ProductDaoTester.testFind, line 69 -> 
Product ID = 11
Product code = C001
isAvailable: true
nameEn: Royal Canin Kitten 0 - 3
nameRu: Royal Canin Kitten 0 - 3
descriptionEn: Royal Canin dry feed for kittens 0 - 3 month
descriptionRu: Корм Роял Канин для котят в возрасте 0 - 3 месяцeв
cost: 247.5
quantity: 50.0
uomEn: kg
uomRu: кг
notesEn: Added by ProductDaoTester runner
notesRu: Сгенерировано классом ProductDaoTester
---------------------------------------------------------------------------------------------------
27-04-2018 19:10:58 INFO ProductDaoTester.testFind, line 70 -> Product by code = D010
27-04-2018 19:10:58 INFO ProductDaoTester.testFind, line 71 -> 
Product ID = 10
Product code = D010
isAvailable: true
nameEn: Royal Canin Educ
nameRu: Royal Canin Educ
descriptionEn: Royal Canin crockets for adult dogs and puppets training
descriptionRu: Крокеты Роял Канин для дрессировки взрослых собак и щенков
cost: 21.7
quantity: 3000.0
uomEn: pcs
uomRu: шт
notesEn: Created by test script
notesRu: Сгенерировано тестовым скриптом
---------------------------------------------------------------------------------------------------
02-05-2018 16:15:17 INFO ProductServiceTest.init, line 28 -> Starting tests
02-05-2018 16:15:19 INFO ProductServiceTest.close, line 41 -> Finishing tests
02-05-2018 16:15:30 INFO ProductServiceTest.init, line 28 -> Starting tests
02-05-2018 16:15:30 INFO ProductServiceTest.close, line 41 -> Finishing tests
02-05-2018 16:15:49 INFO ProductServiceTest.init, line 28 -> Starting tests
02-05-2018 16:15:50 INFO ProductServiceTest.close, line 41 -> Finishing tests
02-05-2018 16:15:56 INFO ProductServiceTest.init, line 28 -> Starting tests
02-05-2018 16:15:56 INFO ProductServiceTest.close, line 41 -> Finishing tests
02-05-2018 16:17:20 INFO ProductServiceTest.init, line 28 -> Starting tests
02-05-2018 16:17:21 INFO ProductServiceTest.close, line 41 -> Finishing tests
02-05-2018 16:18:35 INFO ProductServiceTest.init, line 28 -> Starting tests
02-05-2018 16:18:35 INFO ProductServiceTest.close, line 41 -> Finishing tests
02-05-2018 16:18:46 INFO ProductServiceTest.init, line 28 -> Starting tests
02-05-2018 16:18:47 INFO ProductServiceTest.close, line 41 -> Finishing tests
02-05-2018 16:19:12 INFO ProductServiceTest.init, line 28 -> Starting tests
02-05-2018 16:19:13 INFO ProductServiceTest.close, line 41 -> Finishing tests
02-05-2018 16:19:44 INFO ProductServiceTest.init, line 28 -> Starting tests
02-05-2018 16:19:45 INFO ProductServiceTest.close, line 41 -> Finishing tests
02-05-2018 16:21:20 INFO ProductServiceTest.init, line 28 -> Starting tests
02-05-2018 16:21:21 INFO ProductServiceTest.close, line 41 -> Finishing tests
02-05-2018 16:21:38 INFO ProductServiceTest.init, line 28 -> Starting tests
02-05-2018 16:21:39 INFO ProductServiceTest.close, line 41 -> Finishing tests
02-05-2018 16:21:47 INFO ProductServiceTest.init, line 28 -> Starting tests
02-05-2018 16:21:48 INFO ProductServiceTest.close, line 41 -> Finishing tests
02-05-2018 16:22:28 INFO ProductServiceTest.init, line 28 -> Starting tests
02-05-2018 16:22:28 INFO ProductServiceTest.close, line 41 -> Finishing tests
02-05-2018 16:23:24 INFO ProductServiceTest.init, line 28 -> Starting tests
02-05-2018 16:23:25 INFO ProductServiceTest.close, line 41 -> Finishing tests
02-05-2018 16:23:29 INFO ProductServiceTest.init, line 28 -> Starting tests
02-05-2018 16:23:29 INFO ProductServiceTest.close, line 41 -> Finishing tests
02-05-2018 16:23:36 INFO ProductServiceTest.init, line 28 -> Starting tests
02-05-2018 16:23:36 INFO ProductServiceTest.close, line 41 -> Finishing tests
02-05-2018 16:24:40 INFO ProductServiceTest.init, line 28 -> Starting tests
02-05-2018 16:24:40 INFO ProductServiceTest.close, line 41 -> Finishing tests
02-05-2018 16:24:45 INFO ProductServiceTest.init, line 28 -> Starting tests
02-05-2018 16:24:45 INFO ProductServiceTest.testAddProduct, line 100 ->
Product ID = null
Product code = TEST001
isAvailable: true
nameEn: Royal Canin Kitten 30 - 120
nameRu: Royal Canin Kitten 30 - 120
descriptionEn: Royal Canin dry feed for kittens 30 - 120 month
descriptionRu: Корм Роял Канин для котят в возрасте 30 - 120 месяцeв
cost: 247.5
quantity: 50.0
uomEn: kg
uomRu: кг
notesEn: Created by ProductServiceTest
notesRu: Сгенерировано классом ProductServiceTest
---------------------------------------------------------------------------------------------------
02-05-2018 16:24:45 INFO ProductServiceTest.close, line 41 -> Finishing tests
02-05-2018 16:26:25 INFO ProductDaoTester.main, line 30 -> Product added: true
02-05-2018 16:29:00 INFO ProductDaoTester.main, line 30 -> Product added: true
02-05-2018 16:29:56 INFO ProductServiceTest.init, line 28 -> Starting tests
02-05-2018 16:29:56 INFO ProductServiceTest.testAddProduct, line 100 ->
Product ID = null
Product code = TEST001
isAvailable: true
nameEn: Royal Canin Kitten 30 - 120
nameRu: Royal Canin Kitten 30 - 120
descriptionEn: Royal Canin dry feed for kittens 30 - 120 month
descriptionRu: Корм Роял Канин для котят в возрасте 30 - 120 месяцeв
cost: 247.5
quantity: 50.0
uomEn: kg
uomRu: кг
notesEn: Created by ProductServiceTest
notesRu: Сгенерировано классом ProductServiceTest
---------------------------------------------------------------------------------------------------
02-05-2018 16:29:56 INFO ProductServiceTest.close, line 41 -> Finishing tests
02-05-2018 16:30:01 INFO ProductServiceTest.init, line 28 -> Starting tests
02-05-2018 16:30:13 INFO ProductServiceTest.init, line 28 -> Starting tests
02-05-2018 16:30:13 INFO ProductServiceTest.testAddProduct, line 100 ->
Product ID = null
Product code = TEST001
isAvailable: true
nameEn: Royal Canin Kitten 30 - 120
nameRu: Royal Canin Kitten 30 - 120
descriptionEn: Royal Canin dry feed for kittens 30 - 120 month
descriptionRu: Корм Роял Канин для котят в возрасте 30 - 120 месяцeв
cost: 247.5
quantity: 50.0
uomEn: kg
uomRu: кг
notesEn: Created by ProductServiceTest
notesRu: Сгенерировано классом ProductServiceTest
---------------------------------------------------------------------------------------------------
02-05-2018 16:30:43 INFO ProductServiceTest.close, line 41 -> Finishing tests
02-05-2018 16:30:46 INFO ProductServiceTest.testAddProduct, line 100 ->
Product ID = null
Product code = TEST001
isAvailable: true
nameEn: Royal Canin Kitten 30 - 120
nameRu: Royal Canin Kitten 30 - 120
descriptionEn: Royal Canin dry feed for kittens 30 - 120 month
descriptionRu: Корм Роял Канин для котят в возрасте 30 - 120 месяцeв
cost: 247.5
quantity: 50.0
uomEn: kg
uomRu: кг
notesEn: Created by ProductServiceTest
notesRu: Сгенерировано классом ProductServiceTest
---------------------------------------------------------------------------------------------------
02-05-2018 16:30:46 INFO ProductServiceTest.close, line 41 -> Finishing tests
02-05-2018 16:30:50 INFO ProductServiceTest.init, line 28 -> Starting tests
02-05-2018 16:30:50 INFO ProductServiceTest.testAddProduct, line 100 ->
Product ID = null
Product code = TEST001
isAvailable: true
nameEn: Royal Canin Kitten 30 - 120
nameRu: Royal Canin Kitten 30 - 120
descriptionEn: Royal Canin dry feed for kittens 30 - 120 month
descriptionRu: Корм Роял Канин для котят в возрасте 30 - 120 месяцeв
cost: 247.5
quantity: 50.0
uomEn: kg
uomRu: кг
notesEn: Created by ProductServiceTest
notesRu: Сгенерировано классом ProductServiceTest
---------------------------------------------------------------------------------------------------
02-05-2018 16:31:38 INFO ProductServiceTest.close, line 41 -> Finishing tests
02-05-2018 16:31:42 INFO ProductServiceTest.init, line 28 -> Starting tests
02-05-2018 16:31:43 INFO ProductServiceTest.testAddProduct, line 100 ->
Product ID = null
Product code = TEST001
isAvailable: true
nameEn: Royal Canin Kitten 30 - 120
nameRu: Royal Canin Kitten 30 - 120
descriptionEn: Royal Canin dry feed for kittens 30 - 120 month
descriptionRu: Корм Роял Канин для котят в возрасте 30 - 120 месяцeв
cost: 247.5
quantity: 50.0
uomEn: kg
uomRu: кг
notesEn: Created by ProductServiceTest
notesRu: Сгенерировано классом ProductServiceTest
---------------------------------------------------------------------------------------------------
02-05-2018 16:31:53 INFO ProductServiceTest.close, line 41 -> Finishing tests
02-05-2018 16:32:19 INFO ProductServiceTest.init, line 28 -> Starting tests
02-05-2018 16:32:20 INFO ProductServiceTest.testAddProduct, line 100 ->
Product ID = null
Product code = TEST001
isAvailable: true
nameEn: Royal Canin Kitten 30 - 120
nameRu: Royal Canin Kitten 30 - 120
descriptionEn: Royal Canin dry feed for kittens 30 - 120 month
descriptionRu: Корм Роял Канин для котят в возрасте 30 - 120 месяцeв
cost: 247.5
quantity: 50.0
uomEn: kg
uomRu: кг
notesEn: Created by ProductServiceTest
notesRu: Сгенерировано классом ProductServiceTest
---------------------------------------------------------------------------------------------------
02-05-2018 16:32:20 INFO ProductServiceTest.close, line 41 -> Finishing tests
02-05-2018 16:33:35 INFO ProductServiceTest.init, line 31 -> Starting tests
02-05-2018 16:33:36 INFO ProductServiceTest.testAddProduct, line 104 ->
Product ID = null
Product code = TEST001
isAvailable: true
nameEn: Royal Canin Kitten 30 - 120
nameRu: Royal Canin Kitten 30 - 120
descriptionEn: Royal Canin dry feed for kittens 30 - 120 month
descriptionRu: Корм Роял Канин для котят в возрасте 30 - 120 месяцeв
cost: 247.5
quantity: 50.0
uomEn: kg
uomRu: кг
notesEn: Created by ProductServiceTest
notesRu: Сгенерировано классом ProductServiceTest
---------------------------------------------------------------------------------------------------
02-05-2018 16:33:36 INFO ProductServiceTest.close, line 44 -> Finishing tests
02-05-2018 16:34:16 INFO ProductServiceTest.init, line 31 -> Starting tests
02-05-2018 16:34:17 INFO ProductServiceTest.testAddProduct, line 104 ->
Product ID = null
Product code = TEST001
isAvailable: true
nameEn: Royal Canin Kitten 30 - 120
nameRu: Royal Canin Kitten 30 - 120
descriptionEn: Royal Canin dry feed for kittens 30 - 120 month
descriptionRu: Корм Роял Канин для котят в возрасте 30 - 120 месяцeв
cost: 247.5
quantity: 50.0
uomEn: kg
uomRu: кг
notesEn: Created by ProductServiceTest
notesRu: Сгенерировано классом ProductServiceTest
---------------------------------------------------------------------------------------------------
02-05-2018 16:34:17 INFO ProductServiceTest.close, line 44 -> Finishing tests
02-05-2018 16:35:39 INFO ProductServiceTest.init, line 28 -> Starting tests
02-05-2018 16:35:40 INFO ProductServiceTest.testAddProduct, line 100 ->
Product ID = null
Product code = TEST001
isAvailable: true
nameEn: Royal Canin Kitten 30 - 120
nameRu: Royal Canin Kitten 30 - 120
descriptionEn: Royal Canin dry feed for kittens 30 - 120 month
descriptionRu: Корм Роял Канин для котят в возрасте 30 - 120 месяцeв
cost: 247.5
quantity: 50.0
uomEn: kg
uomRu: кг
notesEn: Created by ProductServiceTest
notesRu: Сгенерировано классом ProductServiceTest
---------------------------------------------------------------------------------------------------
02-05-2018 16:35:40 ERROR GenericAbstractDao.addToDB, line 163 -> com.mysql.jdbc.exceptions.jdbc4.MySQLIntegrityConstraintViolationException: Duplicate entry 'TEST001' for key 'product_code'
02-05-2018 16:35:40 INFO ProductServiceTest.close, line 41 -> Finishing tests
02-05-2018 16:35:52 INFO ProductServiceTest.init, line 28 -> Starting tests
02-05-2018 16:35:53 INFO ProductServiceTest.testAddProduct, line 100 ->
Product ID = null
Product code = TEST001
isAvailable: true
nameEn: Royal Canin Kitten 30 - 120
nameRu: Royal Canin Kitten 30 - 120
descriptionEn: Royal Canin dry feed for kittens 30 - 120 month
descriptionRu: Корм Роял Канин для котят в возрасте 30 - 120 месяцeв
cost: 247.5
quantity: 50.0
uomEn: kg
uomRu: кг
notesEn: Created by ProductServiceTest
notesRu: Сгенерировано классом ProductServiceTest
---------------------------------------------------------------------------------------------------
02-05-2018 16:35:53 INFO ProductServiceTest.close, line 41 -> Finishing tests
02-05-2018 16:36:13 INFO ProductServiceTest.init, line 28 -> Starting tests
02-05-2018 16:36:14 INFO ProductServiceTest.close, line 41 -> Finishing tests
02-05-2018 17:17:40 INFO ProductServiceTest.init, line 28 -> Starting tests
02-05-2018 17:17:41 ERROR ProductLogic.findProductByCode, line 65 -> com.epam.project.exceptions.DataNotFoundException: Data not found in DB by specified key
02-05-2018 17:17:41 INFO ProductServiceTest.testAddProduct, line 100 ->
Product ID = null
Product code = TEST001
isAvailable: true
nameEn: Royal Canin Kitten 30 - 120
nameRu: Royal Canin Kitten 30 - 120
descriptionEn: Royal Canin dry feed for kittens 30 - 120 month
descriptionRu: Корм Роял Канин для котят в возрасте 30 - 120 месяцeв
cost: 247.5
quantity: 50.0
uomEn: kg
uomRu: кг
notesEn: Created by ProductServiceTest
notesRu: Сгенерировано классом ProductServiceTest
---------------------------------------------------------------------------------------------------
02-05-2018 17:17:41 ERROR GenericAbstractDao.deleteFromDB, line 248 -> java.sql.SQLException: No value specified for parameter 1
02-05-2018 17:17:41 INFO ProductServiceTest.close, line 41 -> Finishing tests
02-05-2018 17:24:57 INFO ProductServiceTest.init, line 28 -> Starting tests
02-05-2018 17:24:57 ERROR ProductLogic.findProductByCode, line 65 -> com.epam.project.exceptions.DataNotFoundException: Data not found in DB by specified key
02-05-2018 17:24:57 INFO ProductServiceTest.testAddProduct, line 100 ->
Product ID = null
Product code = TEST001
isAvailable: true
nameEn: Royal Canin Kitten 30 - 120
nameRu: Royal Canin Kitten 30 - 120
descriptionEn: Royal Canin dry feed for kittens 30 - 120 month
descriptionRu: Корм Роял Канин для котят в возрасте 30 - 120 месяцeв
cost: 247.5
quantity: 50.0
uomEn: kg
uomRu: кг
notesEn: Created by ProductServiceTest
notesRu: Сгенерировано классом ProductServiceTest
---------------------------------------------------------------------------------------------------
02-05-2018 17:24:58 INFO ProductServiceTest.close, line 41 -> Finishing tests
02-05-2018 17:29:41 INFO ProductServiceTest.init, line 28 -> Starting tests
02-05-2018 17:29:42 ERROR ProductLogic.findProductByCode, line 67 -> com.epam.project.exceptions.DataNotFoundException: Data not found in DB by specified key
02-05-2018 17:29:42 INFO ProductServiceTest.testAddProduct, line 100 ->
Product ID = null
Product code = TEST001
isAvailable: true
nameEn: Royal Canin Kitten 30 - 120
nameRu: Royal Canin Kitten 30 - 120
descriptionEn: Royal Canin dry feed for kittens 30 - 120 month
descriptionRu: Корм Роял Канин для котят в возрасте 30 - 120 месяцeв
cost: 247.5
quantity: 50.0
uomEn: kg
uomRu: кг
notesEn: Created by ProductServiceTest
notesRu: Сгенерировано классом ProductServiceTest
---------------------------------------------------------------------------------------------------
02-05-2018 17:29:42 INFO ProductServiceTest.close, line 41 -> Finishing tests
02-05-2018 17:34:34 INFO ProductServiceTest.init, line 28 -> Starting tests
02-05-2018 17:34:34 ERROR ProductLogic.findProductByCode, line 67 -> com.epam.project.exceptions.DataNotFoundException: Data not found in DB by specified key
02-05-2018 17:34:34 INFO ProductServiceTest.testAddProduct, line 100 ->
Product ID = null
Product code = TEST001
isAvailable: true
nameEn: Royal Canin Kitten 30 - 120
nameRu: Royal Canin Kitten 30 - 120
descriptionEn: Royal Canin dry feed for kittens 30 - 120 month
descriptionRu: Корм Роял Канин для котят в возрасте 30 - 120 месяцeв
cost: 247.5
quantity: 50.0
uomEn: kg
uomRu: кг
notesEn: Created by ProductServiceTest
notesRu: Сгенерировано классом ProductServiceTest
---------------------------------------------------------------------------------------------------
02-05-2018 17:34:35 INFO ProductServiceTest.close, line 41 -> Finishing tests
02-05-2018 17:51:39 INFO ProductServiceTest.init, line 28 -> Starting tests
02-05-2018 17:51:40 ERROR ProductLogic.findProductByCode, line 54 -> com.epam.project.exceptions.DataNotFoundException: Data not found in DB by specified key
02-05-2018 17:51:40 INFO ProductServiceTest.testAddProduct, line 100 ->
Product ID = null
Product code = TEST001
isAvailable: true
nameEn: Royal Canin Kitten 30 - 120
nameRu: Royal Canin Kitten 30 - 120
descriptionEn: Royal Canin dry feed for kittens 30 - 120 month
descriptionRu: Корм Роял Канин для котят в возрасте 30 - 120 месяцeв
cost: 247.5
quantity: 50.0
uomEn: kg
uomRu: кг
notesEn: Created by ProductServiceTest
notesRu: Сгенерировано классом ProductServiceTest
---------------------------------------------------------------------------------------------------
02-05-2018 17:51:40 INFO ProductServiceTest.close, line 41 -> Finishing tests
02-05-2018 17:57:10 INFO InvoiceDaoTester.testFind, line 36 -> 
All invoices:
02-05-2018 17:57:11 INFO InvoiceDaoTester.testFind, line 37 -> [
Order Id =     5
Order code:    2
User name:     Client
Order status:  CREATED
Order date:    2018-04-24 12:11:53.0
Order notes:   Created by test script
    Invoice:
************************************************************************************************
1   D003    Royal Canin Mini Junior                           3,00kg    Cost: 0,02
2   D010    Royal Canin Educ                                 10,00pcs   Cost: 0,02
************************************************************************************************
------------------------------------------------------------------------------------------------, 
Order Id =     6
Order code:    3
User name:     Client
Order status:  CREATED
Order date:    2018-04-24 12:11:53.0
Order notes:   Created by test script
    Invoice:
************************************************************************************************
1   D010    Royal Canin Educ                                 50,00pcs   Cost: 0,03
2   D009    Royal Canin Energy                               50,00pcs   Cost: 0,03
3   D008    Royal Canin Maxi Adult                           20,00kg    Cost: 0,03
************************************************************************************************
------------------------------------------------------------------------------------------------, 
Order Id =     31
Order code:    1524747376533
User name:     Yaroslav
Order status:  CREATED
Order date:    2018-04-26 15:56:16.0
Order notes:   Created by InvoiceDaoTester at 2018-04-26 15:56:16.533
    Invoice:
************************************************************************************************
1   C002    Royal Canin Kitten 3 - 12                         1,00kg    Cost: 0,01
2   C001    Royal Canin Kitten 0 - 3                          1,00kg    Cost: 0,01
************************************************************************************************
------------------------------------------------------------------------------------------------, 
Order Id =     32
Order code:    1524747416809
User name:     Yaroslav
Order status:  CREATED
Order date:    2018-04-26 15:56:56.0
Order notes:   Created by InvoiceDaoTester at 2018-04-26 15:56:56.809
    Invoice:
************************************************************************************************
1   C002    Royal Canin Kitten 3 - 12                         1,00kg    Cost: 0,01
2   C001    Royal Canin Kitten 0 - 3                          1,00kg    Cost: 0,01
************************************************************************************************
------------------------------------------------------------------------------------------------, 
Order Id =     33
Order code:    1524752654098
User name:     Yaroslav
Order status:  CREATED
Order date:    2018-04-26 17:24:14.0
Order notes:   Created by InvoiceDaoTester at 2018-04-26 17:24:14.098
    Invoice:
************************************************************************************************
1   C002    Royal Canin Kitten 3 - 12                         1,00kg    Cost: 0,01
2   C001    Royal Canin Kitten 0 - 3                          1,00kg    Cost: 0,01
************************************************************************************************
------------------------------------------------------------------------------------------------, 
Order Id =     4
Order code:    1
User name:     Yaroslav
Order status:  FINISHED
Order date:    2018-04-24 12:11:53.0
Order notes:   Updated by InvoiceDaoTester at 2018-04-25 18:26:26.157
    Invoice:
************************************************************************************************
1   D009    Royal Canin Energy                              300,00pcs   Cost: 280,01
2   D008    Royal Canin Maxi Adult                          287,00kg    Cost: 280,01
3   D006    Royal Canin Medium Adult                        285,00kg    Cost: 280,01
************************************************************************************************
------------------------------------------------------------------------------------------------]
02-05-2018 17:57:11 INFO InvoiceDaoTester.testFind, line 38 -> 
Product by User = 2
02-05-2018 17:57:11 INFO InvoiceDaoTester.testFind, line 39 -> [
Order Id =     31
Order code:    1524747376533
User name:     Yaroslav
Order status:  CREATED
Order date:    2018-04-26 15:56:16.0
Order notes:   Created by InvoiceDaoTester at 2018-04-26 15:56:16.533
    Invoice:
************************************************************************************************
1   C002    Royal Canin Kitten 3 - 12                         1,00kg    Cost: 0,01
2   C001    Royal Canin Kitten 0 - 3                          1,00kg    Cost: 0,01
************************************************************************************************
------------------------------------------------------------------------------------------------, 
Order Id =     32
Order code:    1524747416809
User name:     Yaroslav
Order status:  CREATED
Order date:    2018-04-26 15:56:56.0
Order notes:   Created by InvoiceDaoTester at 2018-04-26 15:56:56.809
    Invoice:
************************************************************************************************
1   C002    Royal Canin Kitten 3 - 12                         1,00kg    Cost: 0,01
2   C001    Royal Canin Kitten 0 - 3                          1,00kg    Cost: 0,01
************************************************************************************************
------------------------------------------------------------------------------------------------, 
Order Id =     33
Order code:    1524752654098
User name:     Yaroslav
Order status:  CREATED
Order date:    2018-04-26 17:24:14.0
Order notes:   Created by InvoiceDaoTester at 2018-04-26 17:24:14.098
    Invoice:
************************************************************************************************
1   C002    Royal Canin Kitten 3 - 12                         1,00kg    Cost: 0,01
2   C001    Royal Canin Kitten 0 - 3                          1,00kg    Cost: 0,01
************************************************************************************************
------------------------------------------------------------------------------------------------, 
Order Id =     4
Order code:    1
User name:     Yaroslav
Order status:  FINISHED
Order date:    2018-04-24 12:11:53.0
Order notes:   Updated by InvoiceDaoTester at 2018-04-25 18:26:26.157
    Invoice:
************************************************************************************************
1   D009    Royal Canin Energy                              300,00pcs   Cost: 280,01
2   D008    Royal Canin Maxi Adult                          287,00kg    Cost: 280,01
3   D006    Royal Canin Medium Adult                        285,00kg    Cost: 280,01
************************************************************************************************
------------------------------------------------------------------------------------------------]
02-05-2018 17:57:11 INFO InvoiceDaoTester.testFind, line 40 -> 
Product by Order num. = 2
02-05-2018 17:57:11 INFO InvoiceDaoTester.testFind, line 41 -> 
Order Id =     5
Order code:    2
User name:     Client
Order status:  CREATED
Order date:    2018-04-24 12:11:53.0
Order notes:   Created by test script
    Invoice:
************************************************************************************************
1   D003    Royal Canin Mini Junior                           3,00kg    Cost: 0,02
2   D010    Royal Canin Educ                                 10,00pcs   Cost: 0,02
************************************************************************************************
------------------------------------------------------------------------------------------------
02-05-2018 17:58:39 INFO InvoiceDaoTester.testFind, line 36 -> 
All invoices:
02-05-2018 17:58:39 INFO InvoiceDaoTester.testFind, line 37 -> [
Order Id =     5
Order code:    2
User name:     Client
Order status:  CREATED
Order date:    2018-04-24 12:11:53.0
Order notes:   Created by test script
    Invoice:
************************************************************************************************
1   D003    Royal Canin Mini Junior                           3,00kg    Cost: 0,02
2   D010    Royal Canin Educ                                 10,00pcs   Cost: 0,02
************************************************************************************************
------------------------------------------------------------------------------------------------, 
Order Id =     6
Order code:    3
User name:     Client
Order status:  CREATED
Order date:    2018-04-24 12:11:53.0
Order notes:   Created by test script
    Invoice:
************************************************************************************************
1   D010    Royal Canin Educ                                 50,00pcs   Cost: 0,03
2   D009    Royal Canin Energy                               50,00pcs   Cost: 0,03
3   D008    Royal Canin Maxi Adult                           20,00kg    Cost: 0,03
************************************************************************************************
------------------------------------------------------------------------------------------------, 
Order Id =     31
Order code:    1524747376533
User name:     Yaroslav
Order status:  CREATED
Order date:    2018-04-26 15:56:16.0
Order notes:   Created by InvoiceDaoTester at 2018-04-26 15:56:16.533
    Invoice:
************************************************************************************************
1   C002    Royal Canin Kitten 3 - 12                         1,00kg    Cost: 0,01
2   C001    Royal Canin Kitten 0 - 3                          1,00kg    Cost: 0,01
************************************************************************************************
------------------------------------------------------------------------------------------------, 
Order Id =     32
Order code:    1524747416809
User name:     Yaroslav
Order status:  CREATED
Order date:    2018-04-26 15:56:56.0
Order notes:   Created by InvoiceDaoTester at 2018-04-26 15:56:56.809
    Invoice:
************************************************************************************************
1   C002    Royal Canin Kitten 3 - 12                         1,00kg    Cost: 0,01
2   C001    Royal Canin Kitten 0 - 3                          1,00kg    Cost: 0,01
************************************************************************************************
------------------------------------------------------------------------------------------------, 
Order Id =     33
Order code:    1524752654098
User name:     Yaroslav
Order status:  CREATED
Order date:    2018-04-26 17:24:14.0
Order notes:   Created by InvoiceDaoTester at 2018-04-26 17:24:14.098
    Invoice:
************************************************************************************************
1   C002    Royal Canin Kitten 3 - 12                         1,00kg    Cost: 0,01
2   C001    Royal Canin Kitten 0 - 3                          1,00kg    Cost: 0,01
************************************************************************************************
------------------------------------------------------------------------------------------------, 
Order Id =     4
Order code:    1
User name:     Yaroslav
Order status:  FINISHED
Order date:    2018-04-24 12:11:53.0
Order notes:   Updated by InvoiceDaoTester at 2018-04-25 18:26:26.157
    Invoice:
************************************************************************************************
1   D009    Royal Canin Energy                              300,00pcs   Cost: 280,01
2   D008    Royal Canin Maxi Adult                          287,00kg    Cost: 280,01
3   D006    Royal Canin Medium Adult                        285,00kg    Cost: 280,01
************************************************************************************************
------------------------------------------------------------------------------------------------]
02-05-2018 17:58:39 INFO InvoiceDaoTester.testFind, line 38 -> 
Product by User = 2
02-05-2018 17:58:39 INFO InvoiceDaoTester.testFind, line 39 -> [
Order Id =     31
Order code:    1524747376533
User name:     Yaroslav
Order status:  CREATED
Order date:    2018-04-26 15:56:16.0
Order notes:   Created by InvoiceDaoTester at 2018-04-26 15:56:16.533
    Invoice:
************************************************************************************************
1   C002    Royal Canin Kitten 3 - 12                         1,00kg    Cost: 0,01
2   C001    Royal Canin Kitten 0 - 3                          1,00kg    Cost: 0,01
************************************************************************************************
------------------------------------------------------------------------------------------------, 
Order Id =     32
Order code:    1524747416809
User name:     Yaroslav
Order status:  CREATED
Order date:    2018-04-26 15:56:56.0
Order notes:   Created by InvoiceDaoTester at 2018-04-26 15:56:56.809
    Invoice:
************************************************************************************************
1   C002    Royal Canin Kitten 3 - 12                         1,00kg    Cost: 0,01
2   C001    Royal Canin Kitten 0 - 3                          1,00kg    Cost: 0,01
************************************************************************************************
------------------------------------------------------------------------------------------------, 
Order Id =     33
Order code:    1524752654098
User name:     Yaroslav
Order status:  CREATED
Order date:    2018-04-26 17:24:14.0
Order notes:   Created by InvoiceDaoTester at 2018-04-26 17:24:14.098
    Invoice:
************************************************************************************************
1   C002    Royal Canin Kitten 3 - 12                         1,00kg    Cost: 0,01
2   C001    Royal Canin Kitten 0 - 3                          1,00kg    Cost: 0,01
************************************************************************************************
------------------------------------------------------------------------------------------------, 
Order Id =     4
Order code:    1
User name:     Yaroslav
Order status:  FINISHED
Order date:    2018-04-24 12:11:53.0
Order notes:   Updated by InvoiceDaoTester at 2018-04-25 18:26:26.157
    Invoice:
************************************************************************************************
1   D009    Royal Canin Energy                              300,00pcs   Cost: 280,01
2   D008    Royal Canin Maxi Adult                          287,00kg    Cost: 280,01
3   D006    Royal Canin Medium Adult                        285,00kg    Cost: 280,01
************************************************************************************************
------------------------------------------------------------------------------------------------]
02-05-2018 17:58:39 INFO InvoiceDaoTester.testFind, line 40 -> 
Product by Order num. = 2
02-05-2018 17:58:39 INFO InvoiceDaoTester.testFind, line 41 -> 
Order Id =     5
Order code:    2
User name:     Client
Order status:  CREATED
Order date:    2018-04-24 12:11:53.0
Order notes:   Created by test script
    Invoice:
************************************************************************************************
1   D003    Royal Canin Mini Junior                           3,00kg    Cost: 0,02
2   D010    Royal Canin Educ                                 10,00pcs   Cost: 0,02
************************************************************************************************
------------------------------------------------------------------------------------------------
02-05-2018 17:58:39 INFO InvoiceDaoTester.main, line 30 -> Invoice added: true
03-05-2018 11:43:02 INFO ProductServiceTest.init, line 28 -> Starting tests
03-05-2018 11:43:10 ERROR MySQLDaoFactory.commitTransaction, line 98 -> java.sql.SQLException: Can't call commit when autocommit=true
03-05-2018 11:43:10 ERROR ProductLogic.findProductByCode, line 54 -> com.epam.project.exceptions.DataBaseConnectionException: Unable to connect to database
03-05-2018 11:43:11 ERROR MySQLDaoFactory.commitTransaction, line 98 -> java.sql.SQLException: Can't call commit when autocommit=true
03-05-2018 11:43:11 ERROR ProductLogic.findProductByCode, line 54 -> com.epam.project.exceptions.DataBaseConnectionException: Unable to connect to database
03-05-2018 11:43:11 ERROR ProductLogic.findProductByCode, line 54 -> com.epam.project.exceptions.DataNotFoundException: Data not found in DB by specified key
03-05-2018 11:43:11 ERROR MySQLDaoFactory.commitTransaction, line 98 -> java.sql.SQLException: Can't call commit when autocommit=true
03-05-2018 11:43:11 ERROR ProductLogic.updateProduct, line 81 -> com.epam.project.exceptions.DataBaseConnectionException: Unable to connect to database
03-05-2018 11:43:11 ERROR MySQLDaoFactory.commitTransaction, line 98 -> java.sql.SQLException: Can't call commit when autocommit=true
03-05-2018 11:43:11 ERROR ProductLogic.findAllProducts, line 41 -> com.epam.project.exceptions.DataBaseConnectionException: Unable to connect to database
03-05-2018 11:43:11 INFO ProductServiceTest.testAddProduct, line 100 ->
Product ID = null
Product code = TEST001
isAvailable: true
nameEn: Royal Canin Kitten 30 - 120
nameRu: Royal Canin Kitten 30 - 120
descriptionEn: Royal Canin dry feed for kittens 30 - 120 month
descriptionRu: Корм Роял Канин для котят в возрасте 30 - 120 месяцeв
cost: 247.5
quantity: 50.0
uomEn: kg
uomRu: кг
notesEn: Created by ProductServiceTest
notesRu: Сгенерировано классом ProductServiceTest
---------------------------------------------------------------------------------------------------
03-05-2018 11:43:12 ERROR MySQLDaoFactory.commitTransaction, line 98 -> java.sql.SQLException: Can't call commit when autocommit=true
03-05-2018 11:43:12 ERROR ProductLogic.addProduct, line 67 -> com.epam.project.exceptions.DataBaseConnectionException: Unable to connect to database
03-05-2018 11:43:13 ERROR MySQLDaoFactory.commitTransaction, line 98 -> java.sql.SQLException: Can't call commit when autocommit=true
03-05-2018 11:43:13 ERROR ProductLogic.findProductByCode, line 54 -> com.epam.project.exceptions.DataBaseConnectionException: Unable to connect to database
03-05-2018 11:43:13 ERROR MySQLDaoFactory.commitTransaction, line 98 -> java.sql.SQLException: Can't call commit when autocommit=true
03-05-2018 11:43:13 ERROR ProductLogic.findProductByCode, line 54 -> com.epam.project.exceptions.DataBaseConnectionException: Unable to connect to database
03-05-2018 11:43:14 ERROR MySQLDaoFactory.commitTransaction, line 98 -> java.sql.SQLException: Can't call commit when autocommit=true
03-05-2018 11:43:14 ERROR ProductLogic.deleteProduct, line 100 -> com.epam.project.exceptions.DataBaseConnectionException: Unable to connect to database
03-05-2018 11:43:14 ERROR MySQLDaoFactory.commitTransaction, line 98 -> java.sql.SQLException: Can't call commit when autocommit=true
03-05-2018 11:43:14 ERROR ProductLogic.deleteProduct, line 114 -> com.epam.project.exceptions.DataBaseConnectionException: Unable to connect to database
03-05-2018 11:43:14 INFO ProductServiceTest.close, line 41 -> Finishing tests
03-05-2018 11:45:40 INFO ProductServiceTest.init, line 28 -> Starting tests
03-05-2018 11:45:41 ERROR MySQLDaoFactory.commitTransaction, line 98 -> java.sql.SQLException: Can't call commit when autocommit=true
03-05-2018 11:45:41 ERROR ProductLogic.findProductByCode, line 54 -> com.epam.project.exceptions.DataBaseConnectionException: Unable to connect to database
03-05-2018 11:45:41 ERROR MySQLDaoFactory.commitTransaction, line 98 -> java.sql.SQLException: Can't call commit when autocommit=true
03-05-2018 11:45:41 ERROR ProductLogic.findProductByCode, line 54 -> com.epam.project.exceptions.DataBaseConnectionException: Unable to connect to database
03-05-2018 11:45:41 ERROR ProductLogic.findProductByCode, line 54 -> com.epam.project.exceptions.DataNotFoundException: Data not found in DB by specified key
03-05-2018 11:45:41 ERROR MySQLDaoFactory.commitTransaction, line 98 -> java.sql.SQLException: Can't call commit when autocommit=true
03-05-2018 11:45:41 ERROR ProductLogic.findAllProducts, line 41 -> com.epam.project.exceptions.DataBaseConnectionException: Unable to connect to database
03-05-2018 11:45:41 INFO ProductServiceTest.testAddProduct, line 100 ->
Product ID = null
Product code = TEST001
isAvailable: true
nameEn: Royal Canin Kitten 30 - 120
nameRu: Royal Canin Kitten 30 - 120
descriptionEn: Royal Canin dry feed for kittens 30 - 120 month
descriptionRu: Корм Роял Канин для котят в возрасте 30 - 120 месяцeв
cost: 247.5
quantity: 50.0
uomEn: kg
uomRu: кг
notesEn: Created by ProductServiceTest
notesRu: Сгенерировано классом ProductServiceTest
---------------------------------------------------------------------------------------------------
03-05-2018 11:45:41 ERROR MySQLDaoFactory.commitTransaction, line 98 -> java.sql.SQLException: Can't call commit when autocommit=true
03-05-2018 11:45:41 ERROR ProductLogic.findProductByCode, line 54 -> com.epam.project.exceptions.DataBaseConnectionException: Unable to connect to database
03-05-2018 11:45:41 ERROR MySQLDaoFactory.commitTransaction, line 98 -> java.sql.SQLException: Can't call commit when autocommit=true
03-05-2018 11:45:41 ERROR ProductLogic.findProductByCode, line 54 -> com.epam.project.exceptions.DataBaseConnectionException: Unable to connect to database
03-05-2018 11:45:41 INFO ProductServiceTest.close, line 41 -> Finishing tests
03-05-2018 11:46:19 INFO ProductServiceTest.init, line 28 -> Starting tests
03-05-2018 11:46:20 ERROR MySQLDaoFactory.commitTransaction, line 98 -> java.sql.SQLException: Can't call commit when autocommit=true
03-05-2018 11:46:20 ERROR ProductLogic.findProductByCode, line 54 -> com.epam.project.exceptions.DataBaseConnectionException: Unable to connect to database
03-05-2018 11:46:20 ERROR MySQLDaoFactory.commitTransaction, line 98 -> java.sql.SQLException: Can't call commit when autocommit=true
03-05-2018 11:46:20 ERROR ProductLogic.findProductByCode, line 54 -> com.epam.project.exceptions.DataBaseConnectionException: Unable to connect to database
03-05-2018 11:46:20 INFO ProductServiceTest.testAddProduct, line 100 ->
Product ID = null
Product code = TEST001
isAvailable: true
nameEn: Royal Canin Kitten 30 - 120
nameRu: Royal Canin Kitten 30 - 120
descriptionEn: Royal Canin dry feed for kittens 30 - 120 month
descriptionRu: Корм Роял Канин для котят в возрасте 30 - 120 месяцeв
cost: 247.5
quantity: 50.0
uomEn: kg
uomRu: кг
notesEn: Created by ProductServiceTest
notesRu: Сгенерировано классом ProductServiceTest
---------------------------------------------------------------------------------------------------
03-05-2018 11:46:20 ERROR MySQLDaoFactory.commitTransaction, line 98 -> java.sql.SQLException: Can't call commit when autocommit=true
03-05-2018 11:46:20 ERROR ProductLogic.findProductByCode, line 54 -> com.epam.project.exceptions.DataBaseConnectionException: Unable to connect to database
03-05-2018 11:46:20 INFO ProductServiceTest.close, line 41 -> Finishing tests
03-05-2018 11:47:05 INFO ProductServiceTest.init, line 28 -> Starting tests
03-05-2018 11:47:06 ERROR MySQLDaoFactory.commitTransaction, line 98 -> java.sql.SQLException: Can't call commit when autocommit=true
03-05-2018 11:47:06 ERROR ProductLogic.findProductByCode, line 54 -> com.epam.project.exceptions.DataBaseConnectionException: Unable to connect to database
03-05-2018 11:47:06 ERROR MySQLDaoFactory.commitTransaction, line 98 -> java.sql.SQLException: Can't call commit when autocommit=true
03-05-2018 11:47:06 ERROR ProductLogic.findProductByCode, line 54 -> com.epam.project.exceptions.DataBaseConnectionException: Unable to connect to database
03-05-2018 11:47:06 ERROR MySQLDaoFactory.commitTransaction, line 98 -> java.sql.SQLException: Can't call commit when autocommit=true
03-05-2018 11:47:06 ERROR ProductLogic.findProductByCode, line 54 -> com.epam.project.exceptions.DataBaseConnectionException: Unable to connect to database
03-05-2018 11:47:06 INFO ProductServiceTest.close, line 41 -> Finishing tests
03-05-2018 11:49:41 INFO ProductServiceTest.init, line 28 -> Starting tests
03-05-2018 11:49:59 ERROR MySQLDaoFactory.commitTransaction, line 98 -> java.sql.SQLException: Can't call commit when autocommit=true
03-05-2018 11:49:59 ERROR ProductLogic.findProductByCode, line 54 -> com.epam.project.exceptions.DataBaseConnectionException: Unable to connect to database
03-05-2018 11:49:59 ERROR MySQLDaoFactory.commitTransaction, line 98 -> java.sql.SQLException: Can't call commit when autocommit=true
03-05-2018 11:49:59 ERROR ProductLogic.findProductByCode, line 54 -> com.epam.project.exceptions.DataBaseConnectionException: Unable to connect to database
03-05-2018 11:50:00 INFO ProductServiceTest.close, line 41 -> Finishing tests
03-05-2018 11:51:49 INFO ProductServiceTest.init, line 28 -> Starting tests
03-05-2018 11:51:49 INFO ProductServiceTest.close, line 41 -> Finishing tests
03-05-2018 11:52:03 INFO ProductServiceTest.init, line 28 -> Starting tests
03-05-2018 11:52:04 ERROR MySQLDaoFactory.commitTransaction, line 98 -> java.sql.SQLException: Can't call commit when autocommit=true
03-05-2018 11:52:04 ERROR ProductLogic.findProductByCode, line 54 -> com.epam.project.exceptions.DataBaseConnectionException: Unable to connect to database
03-05-2018 11:52:04 ERROR MySQLDaoFactory.commitTransaction, line 98 -> java.sql.SQLException: Can't call commit when autocommit=true
03-05-2018 11:52:04 ERROR ProductLogic.findProductByCode, line 54 -> com.epam.project.exceptions.DataBaseConnectionException: Unable to connect to database
03-05-2018 11:52:04 INFO ProductServiceTest.close, line 41 -> Finishing tests
03-05-2018 11:53:14 INFO ProductServiceTest.init, line 28 -> Starting tests
03-05-2018 11:53:15 ERROR MySQLDaoFactory.commitTransaction, line 98 -> java.sql.SQLException: Can't call commit when autocommit=true
03-05-2018 11:53:15 ERROR ProductLogic.findProductByCode, line 54 -> com.epam.project.exceptions.DataBaseConnectionException: Unable to connect to database
03-05-2018 11:53:15 ERROR MySQLDaoFactory.commitTransaction, line 98 -> java.sql.SQLException: Can't call commit when autocommit=true
03-05-2018 11:53:15 ERROR ProductLogic.findProductByCode, line 54 -> com.epam.project.exceptions.DataBaseConnectionException: Unable to connect to database
03-05-2018 11:53:15 INFO ProductServiceTest.testAddProduct, line 100 ->
Product ID = null
Product code = TEST001
isAvailable: true
nameEn: Royal Canin Kitten 30 - 120
nameRu: Royal Canin Kitten 30 - 120
descriptionEn: Royal Canin dry feed for kittens 30 - 120 month
descriptionRu: Корм Роял Канин для котят в возрасте 30 - 120 месяцeв
cost: 247.5
quantity: 50.0
uomEn: kg
uomRu: кг
notesEn: Created by ProductServiceTest
notesRu: Сгенерировано классом ProductServiceTest
---------------------------------------------------------------------------------------------------
03-05-2018 11:53:15 ERROR MySQLDaoFactory.commitTransaction, line 98 -> java.sql.SQLException: Can't call commit when autocommit=true
03-05-2018 11:53:15 ERROR ProductLogic.findProductByCode, line 54 -> com.epam.project.exceptions.DataBaseConnectionException: Unable to connect to database
03-05-2018 11:53:15 INFO ProductServiceTest.close, line 41 -> Finishing tests
03-05-2018 11:56:52 INFO ProductServiceTest.init, line 28 -> Starting tests
03-05-2018 11:56:52 INFO ProductServiceTest.close, line 41 -> Finishing tests
03-05-2018 11:59:29 INFO ProductServiceTest.init, line 28 -> Starting tests
03-05-2018 11:59:29 INFO ProductServiceTest.close, line 41 -> Finishing tests
03-05-2018 12:00:36 INFO ProductServiceTest.init, line 28 -> Starting tests
03-05-2018 12:00:37 INFO ProductServiceTest.testAddProduct, line 100 ->
Product ID = null
Product code = TEST001
isAvailable: true
nameEn: Royal Canin Kitten 30 - 120
nameRu: Royal Canin Kitten 30 - 120
descriptionEn: Royal Canin dry feed for kittens 30 - 120 month
descriptionRu: Корм Роял Канин для котят в возрасте 30 - 120 месяцeв
cost: 247.5
quantity: 50.0
uomEn: kg
uomRu: кг
notesEn: Created by ProductServiceTest
notesRu: Сгенерировано классом ProductServiceTest
---------------------------------------------------------------------------------------------------
03-05-2018 12:00:37 INFO ProductServiceTest.close, line 41 -> Finishing tests
03-05-2018 12:00:48 INFO ProductServiceTest.init, line 28 -> Starting tests
03-05-2018 12:00:49 INFO ProductServiceTest.close, line 41 -> Finishing tests
03-05-2018 12:00:54 INFO ProductServiceTest.init, line 28 -> Starting tests
03-05-2018 12:00:55 INFO ProductServiceTest.close, line 41 -> Finishing tests
03-05-2018 12:05:31 INFO ProductServiceTest.init, line 28 -> Starting tests
03-05-2018 12:05:32 ERROR MySQLDaoFactory.commitTransaction, line 100 -> java.sql.SQLException: Can't call commit when autocommit=true
03-05-2018 12:05:32 ERROR ProductLogic.findProductByCode, line 54 -> com.epam.project.exceptions.DataBaseConnectionException: Unable to connect to database
03-05-2018 12:05:32 ERROR MySQLDaoFactory.commitTransaction, line 100 -> java.sql.SQLException: Can't call commit when autocommit=true
03-05-2018 12:05:32 ERROR ProductLogic.findProductByCode, line 54 -> com.epam.project.exceptions.DataBaseConnectionException: Unable to connect to database
03-05-2018 12:05:32 INFO ProductServiceTest.testAddProduct, line 100 ->
Product ID = null
Product code = TEST001
isAvailable: true
nameEn: Royal Canin Kitten 30 - 120
nameRu: Royal Canin Kitten 30 - 120
descriptionEn: Royal Canin dry feed for kittens 30 - 120 month
descriptionRu: Корм Роял Канин для котят в возрасте 30 - 120 месяцeв
cost: 247.5
quantity: 50.0
uomEn: kg
uomRu: кг
notesEn: Created by ProductServiceTest
notesRu: Сгенерировано классом ProductServiceTest
---------------------------------------------------------------------------------------------------
03-05-2018 12:05:32 ERROR MySQLDaoFactory.commitTransaction, line 100 -> java.sql.SQLException: Can't call commit when autocommit=true
03-05-2018 12:05:32 ERROR ProductLogic.findProductByCode, line 54 -> com.epam.project.exceptions.DataBaseConnectionException: Unable to connect to database
03-05-2018 12:05:32 INFO ProductServiceTest.close, line 41 -> Finishing tests
03-05-2018 12:08:14 INFO ProductServiceTest.init, line 28 -> Starting tests
03-05-2018 12:08:15 INFO ProductServiceTest.close, line 41 -> Finishing tests
03-05-2018 12:09:44 INFO ProductServiceTest.init, line 28 -> Starting tests
03-05-2018 12:09:45 INFO ProductServiceTest.close, line 41 -> Finishing tests
03-05-2018 14:22:46 INFO ProductServiceTest.init, line 28 -> Starting tests
03-05-2018 14:22:50 INFO ProductServiceTest.testAddProduct, line 100 ->
Product ID = null
Product code = TEST001
isAvailable: true
nameEn: Royal Canin Kitten 30 - 120
nameRu: Royal Canin Kitten 30 - 120
descriptionEn: Royal Canin dry feed for kittens 30 - 120 month
descriptionRu: Корм Роял Канин для котят в возрасте 30 - 120 месяцeв
cost: 247.5
quantity: 50.0
uomEn: kg
uomRu: кг
notesEn: Created by ProductServiceTest
notesRu: Сгенерировано классом ProductServiceTest
---------------------------------------------------------------------------------------------------
03-05-2018 14:22:50 ERROR GenericAbstractDao.addToDB, line 163 -> com.mysql.jdbc.exceptions.jdbc4.MySQLIntegrityConstraintViolationException: Duplicate entry 'TEST001' for key 'product_code'
03-05-2018 14:22:50 INFO ProductServiceTest.close, line 41 -> Finishing tests
03-05-2018 14:23:08 INFO ProductServiceTest.init, line 28 -> Starting tests
03-05-2018 14:23:09 ERROR ProductLogic.findProductByCode, line 56 -> com.epam.project.exceptions.DataNotFoundException: Data not found in DB by specified key
03-05-2018 14:23:09 INFO ProductServiceTest.testAddProduct, line 100 ->
Product ID = null
Product code = TEST001
isAvailable: true
nameEn: Royal Canin Kitten 30 - 120
nameRu: Royal Canin Kitten 30 - 120
descriptionEn: Royal Canin dry feed for kittens 30 - 120 month
descriptionRu: Корм Роял Канин для котят в возрасте 30 - 120 месяцeв
cost: 247.5
quantity: 50.0
uomEn: kg
uomRu: кг
notesEn: Created by ProductServiceTest
notesRu: Сгенерировано классом ProductServiceTest
---------------------------------------------------------------------------------------------------
03-05-2018 14:23:09 INFO ProductServiceTest.close, line 41 -> Finishing tests
03-05-2018 14:59:50 INFO ProductServiceTest.init, line 28 -> Starting tests
03-05-2018 14:59:51 ERROR ProductLogic.findProductByCode, line 68 -> com.epam.project.exceptions.DataNotFoundException: Data not found in DB by specified key
03-05-2018 14:59:51 INFO ProductServiceTest.testAddProduct, line 100 ->
Product ID = null
Product code = TEST001
isAvailable: true
nameEn: Royal Canin Kitten 30 - 120
nameRu: Royal Canin Kitten 30 - 120
descriptionEn: Royal Canin dry feed for kittens 30 - 120 month
descriptionRu: Корм Роял Канин для котят в возрасте 30 - 120 месяцeв
cost: 247.5
quantity: 50.0
uomEn: kg
uomRu: кг
notesEn: Created by ProductServiceTest
notesRu: Сгенерировано классом ProductServiceTest
---------------------------------------------------------------------------------------------------
03-05-2018 14:59:51 ERROR MySQLDaoFactory.beginTransaction, line 87 -> java.sql.SQLException: Connection is closed.
03-05-2018 14:59:51 ERROR ProductLogic.addProduct, line 82 -> com.epam.project.exceptions.DataBaseConnectionException: Unable to connect to database
03-05-2018 14:59:51 ERROR ProductLogic.findProductByCode, line 68 -> com.epam.project.exceptions.DataNotFoundException: Data not found in DB by specified key
03-05-2018 14:59:51 ERROR MySQLDaoFactory.beginTransaction, line 87 -> java.sql.SQLException: Connection is closed.
03-05-2018 14:59:51 ERROR ProductLogic.deleteProduct, line 130 -> com.epam.project.exceptions.DataBaseConnectionException: Unable to connect to database
03-05-2018 14:59:51 INFO ProductServiceTest.close, line 41 -> Finishing tests
03-05-2018 15:00:59 INFO ProductServiceTest.init, line 28 -> Starting tests
03-05-2018 15:00:59 ERROR ProductLogic.findProductByCode, line 68 -> com.epam.project.exceptions.DataNotFoundException: Data not found in DB by specified key
03-05-2018 15:00:59 INFO ProductServiceTest.testAddProduct, line 100 ->
Product ID = null
Product code = TEST001
isAvailable: true
nameEn: Royal Canin Kitten 30 - 120
nameRu: Royal Canin Kitten 30 - 120
descriptionEn: Royal Canin dry feed for kittens 30 - 120 month
descriptionRu: Корм Роял Канин для котят в возрасте 30 - 120 месяцeв
cost: 247.5
quantity: 50.0
uomEn: kg
uomRu: кг
notesEn: Created by ProductServiceTest
notesRu: Сгенерировано классом ProductServiceTest
---------------------------------------------------------------------------------------------------
03-05-2018 15:00:59 INFO ProductServiceTest.close, line 41 -> Finishing tests
03-05-2018 15:01:12 INFO ProductServiceTest.init, line 28 -> Starting tests
03-05-2018 15:01:13 ERROR ProductLogic.findProductByCode, line 68 -> com.epam.project.exceptions.DataNotFoundException: Data not found in DB by specified key
03-05-2018 15:01:13 INFO ProductServiceTest.testAddProduct, line 100 ->
Product ID = null
Product code = TEST001
isAvailable: true
nameEn: Royal Canin Kitten 30 - 120
nameRu: Royal Canin Kitten 30 - 120
descriptionEn: Royal Canin dry feed for kittens 30 - 120 month
descriptionRu: Корм Роял Канин для котят в возрасте 30 - 120 месяцeв
cost: 247.5
quantity: 50.0
uomEn: kg
uomRu: кг
notesEn: Created by ProductServiceTest
notesRu: Сгенерировано классом ProductServiceTest
---------------------------------------------------------------------------------------------------
03-05-2018 15:01:13 INFO ProductServiceTest.close, line 41 -> Finishing tests
03-05-2018 15:01:36 INFO ProductServiceTest.init, line 29 -> Starting tests
03-05-2018 15:01:37 INFO ProductServiceTest.testAddProduct, line 101 ->
Product ID = null
Product code = TEST001
isAvailable: true
nameEn: Royal Canin Kitten 30 - 120
nameRu: Royal Canin Kitten 30 - 120
descriptionEn: Royal Canin dry feed for kittens 30 - 120 month
descriptionRu: Корм Роял Канин для котят в возрасте 30 - 120 месяцeв
cost: 247.5
quantity: 50.0
uomEn: kg
uomRu: кг
notesEn: Created by ProductServiceTest
notesRu: Сгенерировано классом ProductServiceTest
---------------------------------------------------------------------------------------------------
03-05-2018 15:01:37 INFO ProductServiceTest.close, line 42 -> Finishing tests
03-05-2018 15:02:40 INFO ProductServiceTest.init, line 29 -> Starting tests
03-05-2018 15:02:40 INFO ProductServiceTest.testAddProduct, line 101 ->
Product ID = null
Product code = TEST001
isAvailable: true
nameEn: Royal Canin Kitten 30 - 120
nameRu: Royal Canin Kitten 30 - 120
descriptionEn: Royal Canin dry feed for kittens 30 - 120 month
descriptionRu: Корм Роял Канин для котят в возрасте 30 - 120 месяцeв
cost: 247.5
quantity: 50.0
uomEn: kg
uomRu: кг
notesEn: Created by ProductServiceTest
notesRu: Сгенерировано классом ProductServiceTest
---------------------------------------------------------------------------------------------------
03-05-2018 15:02:40 INFO ProductServiceTest.close, line 42 -> Finishing tests
03-05-2018 16:09:58 INFO UserServiceTest.init, line 30 -> Starting tests
03-05-2018 16:09:59 INFO UserServiceTest.close, line 41 -> Finishing tests
03-05-2018 16:12:45 INFO UserServiceTest.init, line 30 -> Starting tests
03-05-2018 16:12:45 INFO UserServiceTest.close, line 41 -> Finishing tests
03-05-2018 16:14:22 INFO UserServiceTest.init, line 30 -> Starting tests
03-05-2018 16:14:22 INFO UserServiceTest.close, line 41 -> Finishing tests
03-05-2018 16:14:37 INFO UserServiceTest.init, line 30 -> Starting tests
03-05-2018 16:14:38 INFO UserServiceTest.close, line 41 -> Finishing tests
03-05-2018 16:14:50 INFO UserServiceTest.init, line 30 -> Starting tests
03-05-2018 16:14:51 INFO UserServiceTest.close, line 41 -> Finishing tests
03-05-2018 16:15:09 INFO UserServiceTest.init, line 30 -> Starting tests
03-05-2018 16:15:09 INFO UserServiceTest.close, line 41 -> Finishing tests
03-05-2018 16:16:37 INFO UserServiceTest.init, line 29 -> Starting tests
03-05-2018 16:16:38 INFO UserServiceTest.close, line 40 -> Finishing tests
03-05-2018 16:17:34 INFO UserServiceTest.init, line 29 -> Starting tests
03-05-2018 16:17:40 INFO UserServiceTest.close, line 40 -> Finishing tests
03-05-2018 16:25:53 INFO UserServiceTest.init, line 29 -> Starting tests
03-05-2018 16:26:03 INFO UserServiceTest.close, line 40 -> Finishing tests
03-05-2018 16:26:19 INFO UserServiceTest.init, line 29 -> Starting tests
03-05-2018 16:26:26 INFO UserServiceTest.init, line 29 -> Starting tests
03-05-2018 16:26:29 INFO UserServiceTest.close, line 40 -> Finishing tests
03-05-2018 16:26:37 INFO UserServiceTest.close, line 40 -> Finishing tests
03-05-2018 16:34:22 INFO UserServiceTest.init, line 29 -> Starting tests
03-05-2018 16:34:23 INFO UserServiceTest.close, line 40 -> Finishing tests
03-05-2018 16:35:11 INFO UserServiceTest.init, line 29 -> Starting tests
03-05-2018 16:35:12 INFO UserServiceTest.testDeleteUser, line 124 ->
User ID = null
Name: Somebody
Password: Else
Role: USER
Notes: Created by UserLogic at 2018-05-03 16:35:12.641
---------------------------------------------------------------------------------------------------
03-05-2018 16:35:12 INFO UserServiceTest.close, line 40 -> Finishing tests
03-05-2018 16:39:58 INFO UserServiceTest.init, line 29 -> Starting tests
03-05-2018 16:39:58 INFO UserServiceTest.close, line 40 -> Finishing tests
03-05-2018 16:40:21 INFO UserServiceTest.init, line 29 -> Starting tests
03-05-2018 16:40:22 ERROR UserLogic.findUser, line 38 -> com.epam.project.exceptions.DataNotFoundException: Data not found in DB by specified key
03-05-2018 16:40:22 INFO UserServiceTest.close, line 40 -> Finishing tests
03-05-2018 16:40:46 INFO UserServiceTest.init, line 29 -> Starting tests
03-05-2018 16:40:47 INFO UserServiceTest.close, line 40 -> Finishing tests
03-05-2018 16:40:51 INFO UserServiceTest.init, line 29 -> Starting tests
03-05-2018 16:40:51 ERROR UserLogic.findUser, line 38 -> com.epam.project.exceptions.DataNotFoundException: Data not found in DB by specified key
03-05-2018 16:40:51 INFO UserServiceTest.close, line 40 -> Finishing tests
03-05-2018 16:41:25 INFO UserServiceTest.init, line 29 -> Starting tests
03-05-2018 16:41:26 INFO UserServiceTest.close, line 40 -> Finishing tests
03-05-2018 16:41:29 INFO UserServiceTest.init, line 29 -> Starting tests
03-05-2018 16:41:30 INFO UserServiceTest.close, line 40 -> Finishing tests
03-05-2018 16:41:36 INFO UserServiceTest.init, line 29 -> Starting tests
03-05-2018 16:41:36 INFO UserServiceTest.close, line 40 -> Finishing tests
03-05-2018 16:41:51 INFO UserServiceTest.init, line 29 -> Starting tests
03-05-2018 16:41:52 INFO UserServiceTest.close, line 40 -> Finishing tests
03-05-2018 16:42:01 INFO UserServiceTest.init, line 29 -> Starting tests
03-05-2018 16:42:02 INFO UserServiceTest.close, line 40 -> Finishing tests
03-05-2018 16:42:17 INFO UserServiceTest.init, line 29 -> Starting tests
03-05-2018 16:42:17 INFO UserServiceTest.close, line 40 -> Finishing tests
03-05-2018 17:22:43 INFO InvoiceServiceTest.init, line 22 -> Starting tests
03-05-2018 17:22:43 INFO InvoiceServiceTest.close, line 27 -> Closing tests
03-05-2018 17:23:00 INFO InvoiceServiceTest.init, line 22 -> Starting tests
03-05-2018 17:23:00 INFO InvoiceServiceTest.findAllInvoicesTest, line 34 -> [
Order Id =     5
Order code:    2
User name:     Client
Order status:  CREATED
Order date:    2018-04-24 12:11:53.0
Order notes:   Created by test script
    Invoice:
************************************************************************************************
************************************************************************************************
------------------------------------------------------------------------------------------------, 
Order Id =     6
Order code:    3
User name:     Client
Order status:  CREATED
Order date:    2018-04-24 12:11:53.0
Order notes:   Created by test script
    Invoice:
************************************************************************************************
************************************************************************************************
------------------------------------------------------------------------------------------------, 
Order Id =     31
Order code:    1524747376533
User name:     Yaroslav
Order status:  CREATED
Order date:    2018-04-26 15:56:16.0
Order notes:   Created by InvoiceDaoTester at 2018-04-26 15:56:16.533
    Invoice:
************************************************************************************************
************************************************************************************************
------------------------------------------------------------------------------------------------, 
Order Id =     32
Order code:    1524747416809
User name:     Yaroslav
Order status:  CREATED
Order date:    2018-04-26 15:56:56.0
Order notes:   Created by InvoiceDaoTester at 2018-04-26 15:56:56.809
    Invoice:
************************************************************************************************
************************************************************************************************
------------------------------------------------------------------------------------------------, 
Order Id =     33
Order code:    1524752654098
User name:     Yaroslav
Order status:  CREATED
Order date:    2018-04-26 17:24:14.0
Order notes:   Created by InvoiceDaoTester at 2018-04-26 17:24:14.098
    Invoice:
************************************************************************************************
************************************************************************************************
------------------------------------------------------------------------------------------------, 
Order Id =     34
Order code:    1525273119398
User name:     Yaroslav
Order status:  CREATED
Order date:    2018-05-02 17:58:39.0
Order notes:   Created by InvoiceDaoTester at 2018-05-02 17:58:39.398
    Invoice:
************************************************************************************************
************************************************************************************************
------------------------------------------------------------------------------------------------, 
Order Id =     4
Order code:    1
User name:     Yaroslav
Order status:  FINISHED
Order date:    2018-04-24 12:11:53.0
Order notes:   Updated by InvoiceDaoTester at 2018-04-25 18:26:26.157
    Invoice:
************************************************************************************************
************************************************************************************************
------------------------------------------------------------------------------------------------]
03-05-2018 17:23:00 INFO InvoiceServiceTest.close, line 27 -> Closing tests
03-05-2018 17:26:56 INFO InvoiceServiceTest.init, line 19 -> Starting tests
03-05-2018 17:26:57 ERROR GenericAbstractDao.findAsListBy, line 150 -> java.sql.SQLException: Connection is closed.
03-05-2018 17:26:57 INFO InvoiceServiceTest.close, line 24 -> Closing tests
03-05-2018 17:28:02 INFO InvoiceServiceTest.init, line 19 -> Starting tests
03-05-2018 17:28:02 ERROR GenericAbstractDao.findAsListBy, line 150 -> java.sql.SQLException: Connection is closed.
03-05-2018 17:28:02 INFO InvoiceServiceTest.findNewInvoicesTest, line 39 -> Found 0 new invoices
03-05-2018 17:28:02 INFO InvoiceServiceTest.close, line 24 -> Closing tests
03-05-2018 17:31:54 INFO InvoiceServiceTest.init, line 19 -> Starting tests
03-05-2018 17:31:54 ERROR GenericAbstractDao.findAsListBy, line 150 -> java.sql.SQLException: Connection is closed.
03-05-2018 17:31:54 ERROR InvoiceService.findNewInvoices, line 53 -> com.epam.project.exceptions.DataNotFoundException: Data not found in DB by specified key
03-05-2018 17:31:54 INFO InvoiceServiceTest.findNewInvoicesTest, line 39 -> Found 0 new invoices
03-05-2018 17:31:54 INFO InvoiceServiceTest.close, line 24 -> Closing tests
03-05-2018 17:35:57 INFO InvoiceServiceTest.init, line 19 -> Starting tests
03-05-2018 17:35:58 INFO InvoiceServiceTest.findAllInvoicesTest, line 31 -> [
Order Id =     5
Order code:    2
User name:     Client
Order status:  CREATED
Order date:    2018-04-24 12:11:53.0
Order notes:   Created by test script
    Invoice:
************************************************************************************************
************************************************************************************************
------------------------------------------------------------------------------------------------, 
Order Id =     6
Order code:    3
User name:     Client
Order status:  CREATED
Order date:    2018-04-24 12:11:53.0
Order notes:   Created by test script
    Invoice:
************************************************************************************************
************************************************************************************************
------------------------------------------------------------------------------------------------, 
Order Id =     31
Order code:    1524747376533
User name:     Yaroslav
Order status:  CREATED
Order date:    2018-04-26 15:56:16.0
Order notes:   Created by InvoiceDaoTester at 2018-04-26 15:56:16.533
    Invoice:
************************************************************************************************
************************************************************************************************
------------------------------------------------------------------------------------------------, 
Order Id =     32
Order code:    1524747416809
User name:     Yaroslav
Order status:  CREATED
Order date:    2018-04-26 15:56:56.0
Order notes:   Created by InvoiceDaoTester at 2018-04-26 15:56:56.809
    Invoice:
************************************************************************************************
************************************************************************************************
------------------------------------------------------------------------------------------------, 
Order Id =     33
Order code:    1524752654098
User name:     Yaroslav
Order status:  CREATED
Order date:    2018-04-26 17:24:14.0
Order notes:   Created by InvoiceDaoTester at 2018-04-26 17:24:14.098
    Invoice:
************************************************************************************************
************************************************************************************************
------------------------------------------------------------------------------------------------, 
Order Id =     34
Order code:    1525273119398
User name:     Yaroslav
Order status:  CREATED
Order date:    2018-05-02 17:58:39.0
Order notes:   Created by InvoiceDaoTester at 2018-05-02 17:58:39.398
    Invoice:
************************************************************************************************
************************************************************************************************
------------------------------------------------------------------------------------------------, 
Order Id =     4
Order code:    1
User name:     Yaroslav
Order status:  FINISHED
Order date:    2018-04-24 12:11:53.0
Order notes:   Updated by InvoiceDaoTester at 2018-04-25 18:26:26.157
    Invoice:
************************************************************************************************
************************************************************************************************
------------------------------------------------------------------------------------------------]
03-05-2018 17:35:58 INFO InvoiceServiceTest.close, line 24 -> Closing tests
03-05-2018 17:36:27 INFO InvoiceServiceTest.init, line 19 -> Starting tests
03-05-2018 17:36:28 INFO InvoiceServiceTest.findNewInvoicesTest, line 39 -> Found 6 new invoices
03-05-2018 17:36:28 INFO InvoiceServiceTest.close, line 24 -> Closing tests
03-05-2018 17:37:18 INFO InvoiceServiceTest.init, line 19 -> Starting tests
03-05-2018 17:37:19 ERROR GenericAbstractDao.findAsListBy, line 150 -> java.sql.SQLException: Connection is closed.
03-05-2018 17:37:19 ERROR InvoiceService.findNewInvoices, line 53 -> com.epam.project.exceptions.DataNotFoundException: Data not found in DB by specified key
03-05-2018 17:37:19 INFO InvoiceServiceTest.findNewInvoicesTest, line 39 -> Found 0 new invoices
03-05-2018 17:37:19 INFO InvoiceServiceTest.close, line 24 -> Closing tests
03-05-2018 17:37:52 INFO InvoiceServiceTest.init, line 19 -> Starting tests
03-05-2018 17:37:52 ERROR GenericAbstractDao.findAsListBy, line 150 -> java.sql.SQLException: Connection is closed.
03-05-2018 17:37:52 ERROR InvoiceService.findNewInvoices, line 53 -> com.epam.project.exceptions.DataNotFoundException: Data not found in DB by specified key
03-05-2018 17:37:52 INFO InvoiceServiceTest.findNewInvoicesTest, line 39 -> Found 0 new invoices
03-05-2018 17:37:52 INFO InvoiceServiceTest.close, line 24 -> Closing tests
03-05-2018 17:38:12 INFO InvoiceServiceTest.init, line 19 -> Starting tests
03-05-2018 17:38:12 ERROR GenericAbstractDao.findAsListBy, line 150 -> java.sql.SQLException: Connection is closed.
03-05-2018 17:38:12 ERROR InvoiceService.findNewInvoices, line 53 -> com.epam.project.exceptions.DataNotFoundException: Data not found in DB by specified key
03-05-2018 17:38:12 INFO InvoiceServiceTest.findNewInvoicesTest, line 39 -> Found 0 new invoices
03-05-2018 17:38:12 INFO InvoiceServiceTest.close, line 24 -> Closing tests
03-05-2018 17:43:50 INFO InvoiceServiceTest.init, line 19 -> Starting tests
03-05-2018 17:43:51 INFO InvoiceServiceTest.findNewInvoicesTest, line 39 -> Found 6 new invoices
03-05-2018 17:43:51 INFO InvoiceServiceTest.close, line 24 -> Closing tests
03-05-2018 17:44:24 INFO InvoiceServiceTest.init, line 19 -> Starting tests
03-05-2018 17:44:25 INFO InvoiceServiceTest.findNewInvoicesTest, line 39 -> Found 6 new invoices
03-05-2018 17:44:25 INFO InvoiceServiceTest.close, line 24 -> Closing tests
03-05-2018 17:45:01 INFO InvoiceServiceTest.init, line 19 -> Starting tests
03-05-2018 17:45:02 INFO InvoiceServiceTest.findNewInvoicesTest, line 39 -> Found 7 total invoices
03-05-2018 17:45:02 INFO InvoiceServiceTest.findNewInvoicesTest, line 40 -> Found 6 new invoices
03-05-2018 17:45:02 INFO InvoiceServiceTest.close, line 24 -> Closing tests
03-05-2018 17:48:51 INFO InvoiceServiceTest.init, line 19 -> Starting tests
03-05-2018 17:48:52 ERROR GenericAbstractDao.findAsListBy, line 150 -> java.sql.SQLException: Connection is closed.
03-05-2018 17:48:52 ERROR InvoiceService.findNewInvoices, line 53 -> com.epam.project.exceptions.DataNotFoundException: Data not found in DB by specified key
03-05-2018 17:48:52 INFO InvoiceServiceTest.findNewInvoicesTest, line 39 -> Found 7 total invoices
03-05-2018 17:48:52 INFO InvoiceServiceTest.findNewInvoicesTest, line 40 -> Found 0 new invoices
03-05-2018 17:48:52 INFO InvoiceServiceTest.close, line 24 -> Closing tests
03-05-2018 17:49:06 INFO InvoiceServiceTest.init, line 19 -> Starting tests
03-05-2018 17:49:07 INFO InvoiceServiceTest.findNewInvoicesTest, line 39 -> Found 7 total invoices
03-05-2018 17:49:07 INFO InvoiceServiceTest.findNewInvoicesTest, line 40 -> Found 6 new invoices
03-05-2018 17:49:07 INFO InvoiceServiceTest.close, line 24 -> Closing tests
03-05-2018 17:52:50 INFO InvoiceServiceTest.init, line 19 -> Starting tests
03-05-2018 17:52:51 INFO InvoiceServiceTest.findAllInvoicesTest, line 31 -> [
Order Id =     5
Order code:    2
User name:     Client
Order status:  CREATED
Order date:    2018-04-24 12:11:53.0
Order notes:   Created by test script
    Invoice:
************************************************************************************************
1   D003    Royal Canin Mini Junior                           3,00kg    Cost: 0,02
2   D010    Royal Canin Educ                                 10,00pcs   Cost: 0,02
************************************************************************************************
------------------------------------------------------------------------------------------------, 
Order Id =     6
Order code:    3
User name:     Client
Order status:  CREATED
Order date:    2018-04-24 12:11:53.0
Order notes:   Created by test script
    Invoice:
************************************************************************************************
1   D010    Royal Canin Educ                                 50,00pcs   Cost: 0,03
2   D009    Royal Canin Energy                               50,00pcs   Cost: 0,03
3   D008    Royal Canin Maxi Adult                           20,00kg    Cost: 0,03
************************************************************************************************
------------------------------------------------------------------------------------------------, 
Order Id =     31
Order code:    1524747376533
User name:     Yaroslav
Order status:  CREATED
Order date:    2018-04-26 15:56:16.0
Order notes:   Created by InvoiceDaoTester at 2018-04-26 15:56:16.533
    Invoice:
************************************************************************************************
1   C002    Royal Canin Kitten 3 - 12                         1,00kg    Cost: 0,01
2   C001    Royal Canin Kitten 0 - 3                          1,00kg    Cost: 0,01
************************************************************************************************
------------------------------------------------------------------------------------------------, 
Order Id =     32
Order code:    1524747416809
User name:     Yaroslav
Order status:  CREATED
Order date:    2018-04-26 15:56:56.0
Order notes:   Created by InvoiceDaoTester at 2018-04-26 15:56:56.809
    Invoice:
************************************************************************************************
1   C002    Royal Canin Kitten 3 - 12                         1,00kg    Cost: 0,01
2   C001    Royal Canin Kitten 0 - 3                          1,00kg    Cost: 0,01
************************************************************************************************
------------------------------------------------------------------------------------------------, 
Order Id =     33
Order code:    1524752654098
User name:     Yaroslav
Order status:  CREATED
Order date:    2018-04-26 17:24:14.0
Order notes:   Created by InvoiceDaoTester at 2018-04-26 17:24:14.098
    Invoice:
************************************************************************************************
1   C002    Royal Canin Kitten 3 - 12                         1,00kg    Cost: 0,01
2   C001    Royal Canin Kitten 0 - 3                          1,00kg    Cost: 0,01
************************************************************************************************
------------------------------------------------------------------------------------------------, 
Order Id =     34
Order code:    1525273119398
User name:     Yaroslav
Order status:  CREATED
Order date:    2018-05-02 17:58:39.0
Order notes:   Created by InvoiceDaoTester at 2018-05-02 17:58:39.398
    Invoice:
************************************************************************************************
1   C002    Royal Canin Kitten 3 - 12                         1,00kg    Cost: 0,01
2   C001    Royal Canin Kitten 0 - 3                          1,00kg    Cost: 0,01
************************************************************************************************
------------------------------------------------------------------------------------------------, 
Order Id =     4
Order code:    1
User name:     Yaroslav
Order status:  FINISHED
Order date:    2018-04-24 12:11:53.0
Order notes:   Updated by InvoiceDaoTester at 2018-04-25 18:26:26.157
    Invoice:
************************************************************************************************
1   D009    Royal Canin Energy                              300,00pcs   Cost: 280,01
2   D008    Royal Canin Maxi Adult                          287,00kg    Cost: 280,01
3   D006    Royal Canin Medium Adult                        285,00kg    Cost: 280,01
************************************************************************************************
------------------------------------------------------------------------------------------------]
03-05-2018 17:52:51 INFO InvoiceServiceTest.close, line 24 -> Closing tests
04-05-2018 09:28:56 INFO InvoiceServiceTest.init, line 20 -> Starting tests
04-05-2018 09:28:58 INFO InvoiceServiceTest.findInvoicesByUserTest, line 46 -> [
Order Id =     5
Order code:    2
User name:     Client
Order status:  CREATED
Order date:    2018-04-24 12:11:53.0
Order notes:   Created by test script
    Invoice:
************************************************************************************************
1   D003    Royal Canin Mini Junior                           3,00kg    Cost: 0,02
2   D010    Royal Canin Educ                                 10,00pcs   Cost: 0,02
************************************************************************************************
------------------------------------------------------------------------------------------------, 
Order Id =     6
Order code:    3
User name:     Client
Order status:  CREATED
Order date:    2018-04-24 12:11:53.0
Order notes:   Created by test script
    Invoice:
************************************************************************************************
1   D010    Royal Canin Educ                                 50,00pcs   Cost: 0,03
2   D009    Royal Canin Energy                               50,00pcs   Cost: 0,03
3   D008    Royal Canin Maxi Adult                           20,00kg    Cost: 0,03
************************************************************************************************
------------------------------------------------------------------------------------------------]
04-05-2018 09:28:58 INFO InvoiceServiceTest.close, line 25 -> Closing tests
04-05-2018 09:44:36 INFO InvoiceServiceTest.init, line 20 -> Starting tests
04-05-2018 09:44:36 INFO InvoiceServiceTest.findInvoicesByUserTest, line 46 -> [
Order Id =     5
Order code:    2
User name:     Client
Order status:  CREATED
Order date:    2018-04-24 12:11:53.0
Order notes:   Created by test script
    Invoice:
************************************************************************************************
1   D003    Royal Canin Mini Junior                           3,00kg    Cost: 0,02
2   D010    Royal Canin Educ                                 10,00pcs   Cost: 0,02
************************************************************************************************
------------------------------------------------------------------------------------------------, 
Order Id =     6
Order code:    3
User name:     Client
Order status:  CREATED
Order date:    2018-04-24 12:11:53.0
Order notes:   Created by test script
    Invoice:
************************************************************************************************
1   D010    Royal Canin Educ                                 50,00pcs   Cost: 0,03
2   D009    Royal Canin Energy                               50,00pcs   Cost: 0,03
3   D008    Royal Canin Maxi Adult                           20,00kg    Cost: 0,03
************************************************************************************************
------------------------------------------------------------------------------------------------]
04-05-2018 09:44:36 INFO InvoiceServiceTest.close, line 25 -> Closing tests
04-05-2018 09:48:33 INFO InvoiceServiceTest.init, line 20 -> Starting tests
04-05-2018 09:48:33 INFO InvoiceServiceTest.findInvoicesByUserTest, line 46 -> [
Order Id =     5
Order code:    2
User name:     Client
Order status:  CREATED
Order date:    2018-04-24 12:11:53.0
Order notes:   Created by test script
    Invoice:
************************************************************************************************
1   D003    Royal Canin Mini Junior                           3,00kg    Cost: 0,02
2   D010    Royal Canin Educ                                 10,00pcs   Cost: 0,02
************************************************************************************************
------------------------------------------------------------------------------------------------, 
Order Id =     6
Order code:    3
User name:     Client
Order status:  CREATED
Order date:    2018-04-24 12:11:53.0
Order notes:   Created by test script
    Invoice:
************************************************************************************************
1   D010    Royal Canin Educ                                 50,00pcs   Cost: 0,03
2   D009    Royal Canin Energy                               50,00pcs   Cost: 0,03
3   D008    Royal Canin Maxi Adult                           20,00kg    Cost: 0,03
************************************************************************************************
------------------------------------------------------------------------------------------------]
04-05-2018 09:48:33 INFO InvoiceServiceTest.close, line 25 -> Closing tests
04-05-2018 09:54:31 INFO InvoiceServiceTest.init, line 20 -> Starting tests
04-05-2018 09:54:31 INFO InvoiceServiceTest.findInvoicesByUserTest, line 46 -> [
Order Id =     5
Order code:    2
User name:     Client
Order status:  CREATED
Order date:    2018-04-24 12:11:53.0
Order notes:   Created by test script
    Invoice:
************************************************************************************************
1   D003    Royal Canin Mini Junior                           3,00kg    Cost: 0,02
2   D010    Royal Canin Educ                                 10,00pcs   Cost: 0,02
************************************************************************************************
------------------------------------------------------------------------------------------------, 
Order Id =     6
Order code:    3
User name:     Client
Order status:  CREATED
Order date:    2018-04-24 12:11:53.0
Order notes:   Created by test script
    Invoice:
************************************************************************************************
1   D010    Royal Canin Educ                                 50,00pcs   Cost: 0,03
2   D009    Royal Canin Energy                               50,00pcs   Cost: 0,03
3   D008    Royal Canin Maxi Adult                           20,00kg    Cost: 0,03
************************************************************************************************
------------------------------------------------------------------------------------------------]
04-05-2018 09:54:31 INFO InvoiceServiceTest.close, line 25 -> Closing tests
04-05-2018 09:56:11 INFO InvoiceServiceTest.init, line 20 -> Starting tests
04-05-2018 09:56:12 INFO InvoiceServiceTest.findAllInvoicesTest, line 32 -> [
Order Id =     5
Order code:    2
User name:     Client
Order status:  CREATED
Order date:    2018-04-24 12:11:53.0
Order notes:   Created by test script
    Invoice:
************************************************************************************************
1   D003    Royal Canin Mini Junior                           3,00kg    Cost: 0,02
2   D010    Royal Canin Educ                                 10,00pcs   Cost: 0,02
************************************************************************************************
------------------------------------------------------------------------------------------------, 
Order Id =     6
Order code:    3
User name:     Client
Order status:  CREATED
Order date:    2018-04-24 12:11:53.0
Order notes:   Created by test script
    Invoice:
************************************************************************************************
1   D010    Royal Canin Educ                                 50,00pcs   Cost: 0,03
2   D009    Royal Canin Energy                               50,00pcs   Cost: 0,03
3   D008    Royal Canin Maxi Adult                           20,00kg    Cost: 0,03
************************************************************************************************
------------------------------------------------------------------------------------------------, 
Order Id =     31
Order code:    1524747376533
User name:     Yaroslav
Order status:  CREATED
Order date:    2018-04-26 15:56:16.0
Order notes:   Created by InvoiceDaoTester at 2018-04-26 15:56:16.533
    Invoice:
************************************************************************************************
1   C002    Royal Canin Kitten 3 - 12                         1,00kg    Cost: 0,01
2   C001    Royal Canin Kitten 0 - 3                          1,00kg    Cost: 0,01
************************************************************************************************
------------------------------------------------------------------------------------------------, 
Order Id =     32
Order code:    1524747416809
User name:     Yaroslav
Order status:  CREATED
Order date:    2018-04-26 15:56:56.0
Order notes:   Created by InvoiceDaoTester at 2018-04-26 15:56:56.809
    Invoice:
************************************************************************************************
1   C002    Royal Canin Kitten 3 - 12                         1,00kg    Cost: 0,01
2   C001    Royal Canin Kitten 0 - 3                          1,00kg    Cost: 0,01
************************************************************************************************
------------------------------------------------------------------------------------------------, 
Order Id =     33
Order code:    1524752654098
User name:     Yaroslav
Order status:  CREATED
Order date:    2018-04-26 17:24:14.0
Order notes:   Created by InvoiceDaoTester at 2018-04-26 17:24:14.098
    Invoice:
************************************************************************************************
1   C002    Royal Canin Kitten 3 - 12                         1,00kg    Cost: 0,01
2   C001    Royal Canin Kitten 0 - 3                          1,00kg    Cost: 0,01
************************************************************************************************
------------------------------------------------------------------------------------------------, 
Order Id =     34
Order code:    1525273119398
User name:     Yaroslav
Order status:  CREATED
Order date:    2018-05-02 17:58:39.0
Order notes:   Created by InvoiceDaoTester at 2018-05-02 17:58:39.398
    Invoice:
************************************************************************************************
1   C002    Royal Canin Kitten 3 - 12                         1,00kg    Cost: 0,01
2   C001    Royal Canin Kitten 0 - 3                          1,00kg    Cost: 0,01
************************************************************************************************
------------------------------------------------------------------------------------------------, 
Order Id =     4
Order code:    1
User name:     Yaroslav
Order status:  FINISHED
Order date:    2018-04-24 12:11:53.0
Order notes:   Updated by InvoiceDaoTester at 2018-04-25 18:26:26.157
    Invoice:
************************************************************************************************
1   D009    Royal Canin Energy                              300,00pcs   Cost: 280,01
2   D008    Royal Canin Maxi Adult                          287,00kg    Cost: 280,01
3   D006    Royal Canin Medium Adult                        285,00kg    Cost: 280,01
************************************************************************************************
------------------------------------------------------------------------------------------------]
04-05-2018 09:56:12 INFO InvoiceServiceTest.close, line 25 -> Closing tests
04-05-2018 09:56:26 INFO InvoiceServiceTest.init, line 20 -> Starting tests
04-05-2018 09:56:27 INFO InvoiceServiceTest.close, line 25 -> Closing tests
04-05-2018 09:56:44 INFO InvoiceServiceTest.init, line 20 -> Starting tests
04-05-2018 09:56:45 INFO InvoiceServiceTest.findInvoicesByUserTest, line 46 -> [
Order Id =     5
Order code:    2
User name:     Client
Order status:  CREATED
Order date:    2018-04-24 12:11:53.0
Order notes:   Created by test script
    Invoice:
************************************************************************************************
1   D003    Royal Canin Mini Junior                           3,00kg    Cost: 0,02
2   D010    Royal Canin Educ                                 10,00pcs   Cost: 0,02
************************************************************************************************
------------------------------------------------------------------------------------------------, 
Order Id =     6
Order code:    3
User name:     Client
Order status:  CREATED
Order date:    2018-04-24 12:11:53.0
Order notes:   Created by test script
    Invoice:
************************************************************************************************
1   D010    Royal Canin Educ                                 50,00pcs   Cost: 0,03
2   D009    Royal Canin Energy                               50,00pcs   Cost: 0,03
3   D008    Royal Canin Maxi Adult                           20,00kg    Cost: 0,03
************************************************************************************************
------------------------------------------------------------------------------------------------]
04-05-2018 09:56:45 INFO InvoiceServiceTest.close, line 25 -> Closing tests
04-05-2018 10:07:40 INFO InvoiceServiceTest.init, line 21 -> Starting tests
04-05-2018 10:07:40 INFO InvoiceServiceTest.findInvoicesByOrderNumberTest, line 56 -> 
Order Id =     6
Order code:    3
User name:     Client
Order status:  CREATED
Order date:    2018-04-24 12:11:53.0
Order notes:   Created by test script
    Invoice:
************************************************************************************************
1   D010    Royal Canin Educ                                 50,00pcs   Cost: 0,03
2   D009    Royal Canin Energy                               50,00pcs   Cost: 0,03
3   D008    Royal Canin Maxi Adult                           20,00kg    Cost: 0,03
************************************************************************************************
------------------------------------------------------------------------------------------------
04-05-2018 10:07:40 INFO InvoiceServiceTest.close, line 26 -> Closing tests
04-05-2018 11:17:51 INFO InvoiceServiceTest.init, line 28 -> Starting tests
04-05-2018 11:17:51 INFO InvoiceServiceTest.addInvoiceTest, line 126 -> 
Order Id =     null
Order code:    1000
User name:     Yaroslav
Order status:  CREATED
Order date:    null
Order notes:   Created by InvoiceServiceTest at 2018-05-04 11:17:51.38
    Invoice:
************************************************************************************************
1   C002    Royal Canin Kitten 3 - 12                         1,00kg    Cost: 1,00
2   C001    Royal Canin Kitten 0 - 3                          1,00kg    Cost: 1,00
************************************************************************************************
------------------------------------------------------------------------------------------------
04-05-2018 11:17:51 INFO InvoiceServiceTest.close, line 33 -> Closing tests
04-05-2018 11:19:18 INFO InvoiceServiceTest.init, line 28 -> Starting tests
04-05-2018 11:19:19 INFO InvoiceServiceTest.addInvoiceTest, line 126 -> 
Order Id =     null
Order code:    1000
User name:     Yaroslav
Order status:  CREATED
Order date:    null
Order notes:   Created by InvoiceServiceTest at 2018-05-04 11:19:18.848
    Invoice:
************************************************************************************************
1   C002    Royal Canin Kitten 3 - 12                         1,00kg    Cost: 1,00
2   C001    Royal Canin Kitten 0 - 3                          1,00kg    Cost: 1,00
************************************************************************************************
------------------------------------------------------------------------------------------------
04-05-2018 11:19:20 INFO InvoiceServiceTest.close, line 33 -> Closing tests
04-05-2018 11:24:07 INFO InvoiceServiceTest.init, line 29 -> Starting tests
04-05-2018 11:24:08 INFO InvoiceServiceTest.addInvoiceTest2, line 190 -> 
Order Id =     null
Order code:    1000
User name:     Yaroslav
Order status:  CREATED
Order date:    null
Order notes:   Created by InvoiceServiceTest at 2018-05-04 11:24:07.903
    Invoice:
************************************************************************************************
1   C002    Royal Canin Kitten 3 - 12                         1,00kg    Cost: 1,00
2   C001    Royal Canin Kitten 0 - 3                          1,00kg    Cost: 1,00
************************************************************************************************
------------------------------------------------------------------------------------------------
04-05-2018 11:24:08 ERROR GenericAbstractDao.addToDB, line 163 -> com.mysql.jdbc.exceptions.jdbc4.MySQLIntegrityConstraintViolationException: Duplicate entry '1000' for key 'order_code'
04-05-2018 11:24:08 ERROR GenericAbstractDao.addToDB, line 163 -> com.mysql.jdbc.exceptions.jdbc4.MySQLIntegrityConstraintViolationException: Cannot add or update a child row: a foreign key constraint fails (`project`.`payments`, CONSTRAINT `payments_ibfk_2` FOREIGN KEY (`order_code`) REFERENCES `orders` (`order_code`) ON UPDATE CASCADE)
04-05-2018 11:24:08 ERROR MySQLDaoFactory.rollbackTransaction, line 110 -> java.sql.SQLException: Connection is closed.
04-05-2018 11:24:08 INFO InvoiceServiceTest.close, line 34 -> Closing tests
04-05-2018 11:24:49 INFO InvoiceServiceTest.init, line 29 -> Starting tests
04-05-2018 11:24:50 INFO InvoiceServiceTest.addInvoiceTest2, line 190 -> 
Order Id =     null
Order code:    1001
User name:     Yaroslav
Order status:  CREATED
Order date:    null
Order notes:   Created by InvoiceServiceTest at 2018-05-04 11:24:49.456
    Invoice:
************************************************************************************************
1   C002    Royal Canin Kitten 3 - 12                         1,00kg    Cost: 1,00
2   C001    Royal Canin Kitten 0 - 3                          1,00kg    Cost: 1,00
************************************************************************************************
------------------------------------------------------------------------------------------------
04-05-2018 11:24:50 ERROR GenericAbstractDao.addToDB, line 163 -> com.mysql.jdbc.exceptions.jdbc4.MySQLIntegrityConstraintViolationException: Cannot add or update a child row: a foreign key constraint fails (`project`.`payments`, CONSTRAINT `payments_ibfk_2` FOREIGN KEY (`order_code`) REFERENCES `orders` (`order_code`) ON UPDATE CASCADE)
04-05-2018 11:24:50 ERROR GenericAbstractDao.addToDB, line 163 -> com.mysql.jdbc.exceptions.jdbc4.MySQLIntegrityConstraintViolationException: Cannot add or update a child row: a foreign key constraint fails (`project`.`payments`, CONSTRAINT `payments_ibfk_2` FOREIGN KEY (`order_code`) REFERENCES `orders` (`order_code`) ON UPDATE CASCADE)
04-05-2018 11:24:50 ERROR MySQLDaoFactory.rollbackTransaction, line 110 -> java.sql.SQLException: Connection is closed.
04-05-2018 11:24:50 INFO InvoiceServiceTest.close, line 34 -> Closing tests
04-05-2018 11:41:06 INFO InvoiceServiceTest.init, line 29 -> Starting tests
04-05-2018 11:41:06 INFO InvoiceServiceTest.addInvoiceTest1, line 183 -> 
Order Id =     null
Order code:    1000
User name:     Yaroslav
Order status:  CREATED
Order date:    null
Order notes:   Created by InvoiceServiceTest at 2018-05-04 11:41:06.29
    Invoice:
************************************************************************************************
1   C002    Royal Canin Kitten 3 - 12                         1,00kg    Cost: 1,00
2   C001    Royal Canin Kitten 0 - 3                          1,00kg    Cost: 1,00
************************************************************************************************
------------------------------------------------------------------------------------------------
04-05-2018 11:41:06 INFO InvoiceServiceTest.close, line 34 -> Closing tests
04-05-2018 11:43:10 INFO InvoiceServiceTest.init, line 29 -> Starting tests
04-05-2018 11:43:10 INFO InvoiceServiceTest.addInvoiceTest1, line 183 -> false
04-05-2018 11:43:10 INFO InvoiceServiceTest.close, line 34 -> Closing tests
04-05-2018 11:43:47 INFO InvoiceServiceTest.init, line 29 -> Starting tests
04-05-2018 11:43:47 INFO InvoiceServiceTest.addInvoiceTest1, line 183 -> true
04-05-2018 11:43:48 INFO InvoiceServiceTest.close, line 34 -> Closing tests
04-05-2018 11:44:15 INFO InvoiceServiceTest.init, line 29 -> Starting tests
04-05-2018 11:44:16 INFO InvoiceServiceTest.addInvoiceTest2, line 190 -> 
Order Id =     null
Order code:    1001
User name:     Yaroslav
Order status:  CREATED
Order date:    null
Order notes:   Created by InvoiceServiceTest at 2018-05-04 11:44:15.71
    Invoice:
************************************************************************************************
1   C002    Royal Canin Kitten 3 - 12                         1,00kg    Cost: 1,00
2   C001    Royal Canin Kitten 0 - 3                          1,00kg    Cost: 1,00
************************************************************************************************
------------------------------------------------------------------------------------------------
04-05-2018 11:44:16 INFO InvoiceServiceTest.close, line 34 -> Closing tests
04-05-2018 11:45:11 INFO InvoiceServiceTest.init, line 29 -> Starting tests
04-05-2018 11:45:11 INFO InvoiceServiceTest.addInvoiceTest2, line 189 -> 
Order Id =     null
Order code:    1001
User name:     Yaroslav
Order status:  CREATED
Order date:    null
Order notes:   Created by InvoiceServiceTest at 2018-05-04 11:45:11.048
    Invoice:
************************************************************************************************
1   C002    Royal Canin Kitten 3 - 12                         1,00kg    Cost: 1,00
2   C001    Royal Canin Kitten 0 - 3                          1,00kg    Cost: 1,00
************************************************************************************************
------------------------------------------------------------------------------------------------
04-05-2018 11:45:11 INFO InvoiceServiceTest.close, line 34 -> Closing tests
04-05-2018 11:45:25 INFO InvoiceServiceTest.init, line 29 -> Starting tests
04-05-2018 11:45:25 INFO InvoiceServiceTest.close, line 34 -> Closing tests
04-05-2018 11:50:34 INFO InvoiceServiceTest.init, line 29 -> Starting tests
04-05-2018 11:50:34 INFO InvoiceServiceTest.close, line 34 -> Closing tests
04-05-2018 11:51:06 INFO InvoiceServiceTest.init, line 29 -> Starting tests
04-05-2018 11:51:07 ERROR GenericAbstractDao.addToDB, line 163 -> com.mysql.jdbc.exceptions.jdbc4.MySQLIntegrityConstraintViolationException: Duplicate entry '1000' for key 'order_code'
04-05-2018 11:51:07 ERROR MySQLDaoFactory.commitTransaction, line 99 -> java.sql.SQLException: Connection is closed.
04-05-2018 11:51:07 INFO InvoiceServiceTest.close, line 34 -> Closing tests
04-05-2018 11:51:16 INFO InvoiceServiceTest.init, line 29 -> Starting tests
04-05-2018 11:51:17 INFO InvoiceServiceTest.close, line 34 -> Closing tests
04-05-2018 11:52:30 INFO InvoiceServiceTest.init, line 29 -> Starting tests
04-05-2018 11:52:31 INFO InvoiceServiceTest.close, line 34 -> Closing tests
04-05-2018 11:52:36 INFO InvoiceServiceTest.init, line 29 -> Starting tests
04-05-2018 11:52:36 ERROR GenericAbstractDao.addToDB, line 163 -> com.mysql.jdbc.exceptions.jdbc4.MySQLIntegrityConstraintViolationException: Duplicate entry '1000' for key 'order_code'
04-05-2018 11:52:37 ERROR MySQLDaoFactory.commitTransaction, line 99 -> java.sql.SQLException: Connection is closed.
04-05-2018 11:52:37 INFO InvoiceServiceTest.close, line 34 -> Closing tests
04-05-2018 11:54:45 INFO InvoiceServiceTest.init, line 29 -> Starting tests
04-05-2018 11:59:53 INFO InvoiceServiceTest.close, line 34 -> Closing tests
04-05-2018 12:00:05 INFO InvoiceServiceTest.init, line 29 -> Starting tests
04-05-2018 12:00:37 ERROR GenericAbstractDao.addToDB, line 163 -> com.mysql.jdbc.exceptions.jdbc4.MySQLIntegrityConstraintViolationException: Duplicate entry '1000' for key 'order_code'
04-05-2018 12:00:37 ERROR MySQLDaoFactory.commitTransaction, line 99 -> java.sql.SQLException: Connection is closed.
04-05-2018 12:00:38 INFO InvoiceServiceTest.close, line 34 -> Closing tests
04-05-2018 12:01:04 INFO InvoiceServiceTest.init, line 29 -> Starting tests
04-05-2018 12:01:05 ERROR GenericAbstractDao.addToDB, line 163 -> com.mysql.jdbc.exceptions.jdbc4.MySQLIntegrityConstraintViolationException: Duplicate entry '1000' for key 'order_code'
04-05-2018 12:01:05 INFO InvoiceService.addInvoice, line 105 -> Add result:false
04-05-2018 12:01:05 ERROR MySQLDaoFactory.commitTransaction, line 99 -> java.sql.SQLException: Connection is closed.
04-05-2018 12:01:05 INFO InvoiceServiceTest.close, line 34 -> Closing tests
04-05-2018 12:07:18 INFO InvoiceServiceTest.init, line 29 -> Starting tests
04-05-2018 12:07:18 ERROR GenericAbstractDao.addToDB, line 163 -> com.mysql.jdbc.exceptions.jdbc4.MySQLIntegrityConstraintViolationException: Duplicate entry '1000' for key 'order_code'
04-05-2018 12:13:26 ERROR GenericAbstractDao.addToDB, line 163 -> com.mysql.jdbc.exceptions.jdbc4.MySQLIntegrityConstraintViolationException: Cannot add or update a child row: a foreign key constraint fails (`project`.`payments`, CONSTRAINT `payments_ibfk_2` FOREIGN KEY (`order_code`) REFERENCES `orders` (`order_code`) ON UPDATE CASCADE)
04-05-2018 12:13:26 ERROR MySQLDaoFactory.rollbackTransaction, line 109 -> java.sql.SQLException: Connection is closed.
04-05-2018 12:13:26 INFO InvoiceServiceTest.close, line 34 -> Closing tests
04-05-2018 12:13:30 INFO InvoiceServiceTest.init, line 29 -> Starting tests
04-05-2018 12:13:31 INFO InvoiceServiceTest.close, line 34 -> Closing tests
04-05-2018 12:13:44 INFO InvoiceServiceTest.init, line 29 -> Starting tests
04-05-2018 12:13:45 ERROR GenericAbstractDao.addToDB, line 163 -> com.mysql.jdbc.exceptions.jdbc4.MySQLIntegrityConstraintViolationException: Duplicate entry '1000' for key 'order_code'
04-05-2018 12:13:45 ERROR MySQLDaoFactory.commitTransaction, line 98 -> java.sql.SQLException: Connection is closed.
04-05-2018 12:13:45 INFO InvoiceServiceTest.close, line 34 -> Closing tests
04-05-2018 12:14:41 INFO InvoiceServiceTest.init, line 29 -> Starting tests
04-05-2018 12:14:41 ERROR GenericAbstractDao.addToDB, line 163 -> com.mysql.jdbc.exceptions.jdbc4.MySQLIntegrityConstraintViolationException: Duplicate entry '1000' for key 'order_code'
04-05-2018 12:14:41 INFO InvoiceServiceTest.close, line 34 -> Closing tests
04-05-2018 12:15:24 INFO InvoiceServiceTest.init, line 29 -> Starting tests
04-05-2018 12:15:25 INFO InvoiceServiceTest.close, line 34 -> Closing tests
04-05-2018 12:16:01 INFO InvoiceServiceTest.init, line 29 -> Starting tests
04-05-2018 12:16:02 ERROR GenericAbstractDao.addToDB, line 163 -> com.mysql.jdbc.exceptions.jdbc4.MySQLIntegrityConstraintViolationException: Duplicate entry '1000' for key 'order_code'
04-05-2018 12:16:02 INFO InvoiceServiceTest.close, line 34 -> Closing tests
04-05-2018 12:16:41 INFO InvoiceServiceTest.init, line 29 -> Starting tests
04-05-2018 12:16:41 INFO InvoiceServiceTest.close, line 34 -> Closing tests
04-05-2018 12:21:48 INFO InvoiceServiceTest.init, line 30 -> Starting tests
04-05-2018 12:21:48 INFO InvoiceServiceTest.close, line 35 -> Closing tests
04-05-2018 12:22:02 INFO InvoiceServiceTest.init, line 30 -> Starting tests
04-05-2018 12:22:02 ERROR GenericAbstractDao.addToDB, line 163 -> com.mysql.jdbc.exceptions.jdbc4.MySQLIntegrityConstraintViolationException: Duplicate entry '1000' for key 'order_code'
04-05-2018 12:22:02 ERROR MySQLDaoFactory.commitTransaction, line 98 -> java.sql.SQLException: Connection is closed.
04-05-2018 12:22:02 INFO InvoiceServiceTest.close, line 35 -> Closing tests
04-05-2018 12:22:51 INFO InvoiceServiceTest.init, line 30 -> Starting tests
04-05-2018 12:22:51 ERROR GenericAbstractDao.addToDB, line 163 -> com.mysql.jdbc.exceptions.jdbc4.MySQLIntegrityConstraintViolationException: Duplicate entry '1000' for key 'order_code'
04-05-2018 12:22:51 ERROR MySQLDaoFactory.commitTransaction, line 98 -> java.sql.SQLException: Connection is closed.
04-05-2018 12:22:51 INFO InvoiceServiceTest.close, line 35 -> Closing tests
04-05-2018 12:24:15 INFO InvoiceServiceTest.init, line 30 -> Starting tests
04-05-2018 12:24:16 INFO InvoiceServiceTest.close, line 35 -> Closing tests
04-05-2018 12:25:10 INFO InvoiceServiceTest.init, line 30 -> Starting tests
04-05-2018 12:25:11 INFO InvoiceServiceTest.close, line 35 -> Closing tests
04-05-2018 12:25:41 INFO InvoiceServiceTest.init, line 30 -> Starting tests
04-05-2018 12:25:42 INFO InvoiceServiceTest.close, line 35 -> Closing tests
04-05-2018 12:26:04 INFO InvoiceServiceTest.init, line 30 -> Starting tests
04-05-2018 12:26:05 ERROR GenericAbstractDao.addToDB, line 163 -> com.mysql.jdbc.exceptions.jdbc4.MySQLIntegrityConstraintViolationException: Duplicate entry '1000' for key 'order_code'
04-05-2018 12:26:05 ERROR MySQLDaoFactory.rollbackTransaction, line 108 -> com.mysql.jdbc.exceptions.jdbc4.MySQLNonTransientConnectionException: Can't call rollback when autocommit=true
04-05-2018 12:26:05 INFO InvoiceServiceTest.close, line 35 -> Closing tests
04-05-2018 12:26:56 INFO InvoiceServiceTest.init, line 30 -> Starting tests
04-05-2018 12:26:57 INFO InvoiceServiceTest.close, line 35 -> Closing tests
04-05-2018 12:30:30 INFO InvoiceServiceTest.init, line 30 -> Starting tests
04-05-2018 12:30:31 INFO InvoiceServiceTest.close, line 35 -> Closing tests
04-05-2018 12:34:05 INFO InvoiceServiceTest.init, line 30 -> Starting tests
04-05-2018 12:34:07 INFO InvoiceServiceTest.close, line 35 -> Closing tests
04-05-2018 12:34:23 INFO InvoiceServiceTest.init, line 30 -> Starting tests
04-05-2018 12:34:24 ERROR GenericAbstractDao.addToDB, line 163 -> com.mysql.jdbc.exceptions.jdbc4.MySQLIntegrityConstraintViolationException: Duplicate entry '1000' for key 'order_code'
04-05-2018 12:34:24 ERROR GenericAbstractDao.addToDB, line 163 -> java.sql.SQLException: Connection is closed.
04-05-2018 12:34:24 ERROR MySQLDaoFactory.rollbackTransaction, line 108 -> java.sql.SQLException: Connection is closed.
04-05-2018 12:34:24 INFO InvoiceServiceTest.close, line 35 -> Closing tests
04-05-2018 12:36:38 INFO InvoiceServiceTest.init, line 30 -> Starting tests
04-05-2018 12:36:38 ERROR GenericAbstractDao.addToDB, line 163 -> com.mysql.jdbc.exceptions.jdbc4.MySQLIntegrityConstraintViolationException: Duplicate entry '1000' for key 'order_code'
04-05-2018 12:36:38 ERROR GenericAbstractDao.addToDB, line 163 -> java.sql.SQLException: Connection is closed.
04-05-2018 12:36:38 ERROR MySQLDaoFactory.rollbackTransaction, line 108 -> java.sql.SQLException: Connection is closed.
04-05-2018 12:36:38 INFO InvoiceServiceTest.close, line 35 -> Closing tests
04-05-2018 12:37:20 INFO InvoiceServiceTest.init, line 30 -> Starting tests
04-05-2018 12:37:21 ERROR GenericAbstractDao.addToDB, line 163 -> com.mysql.jdbc.exceptions.jdbc4.MySQLIntegrityConstraintViolationException: Duplicate entry '1000' for key 'order_code'
04-05-2018 12:37:21 INFO InvoiceServiceTest.close, line 35 -> Closing tests
04-05-2018 12:40:49 INFO InvoiceServiceTest.init, line 30 -> Starting tests
04-05-2018 12:40:50 INFO InvoiceServiceTest.close, line 35 -> Closing tests
04-05-2018 12:40:55 INFO InvoiceServiceTest.init, line 30 -> Starting tests
04-05-2018 12:40:55 ERROR GenericAbstractDao.addToDB, line 163 -> com.mysql.jdbc.exceptions.jdbc4.MySQLIntegrityConstraintViolationException: Duplicate entry '1000' for key 'order_code'
04-05-2018 12:40:55 INFO InvoiceServiceTest.close, line 35 -> Closing tests
04-05-2018 12:41:28 INFO InvoiceServiceTest.init, line 30 -> Starting tests
04-05-2018 12:41:29 ERROR GenericAbstractDao.addToDB, line 163 -> com.mysql.jdbc.exceptions.jdbc4.MySQLIntegrityConstraintViolationException: Duplicate entry '1000' for key 'order_code'
04-05-2018 12:41:29 INFO InvoiceServiceTest.close, line 35 -> Closing tests
04-05-2018 12:41:30 INFO InvoiceServiceTest.init, line 30 -> Starting tests
04-05-2018 12:41:31 ERROR GenericAbstractDao.addToDB, line 163 -> com.mysql.jdbc.exceptions.jdbc4.MySQLIntegrityConstraintViolationException: Duplicate entry '1000' for key 'order_code'
04-05-2018 12:41:31 INFO InvoiceServiceTest.close, line 35 -> Closing tests
04-05-2018 12:44:05 INFO InvoiceServiceTest.init, line 30 -> Starting tests
04-05-2018 12:44:05 ERROR GenericAbstractDao.addToDB, line 163 -> com.mysql.jdbc.exceptions.jdbc4.MySQLIntegrityConstraintViolationException: Duplicate entry '1000' for key 'order_code'
04-05-2018 12:44:05 INFO InvoiceServiceTest.close, line 35 -> Closing tests
04-05-2018 12:44:15 INFO InvoiceServiceTest.init, line 30 -> Starting tests
04-05-2018 12:44:15 INFO InvoiceServiceTest.close, line 35 -> Closing tests
04-05-2018 12:45:02 INFO InvoiceServiceTest.init, line 30 -> Starting tests
04-05-2018 12:45:02 INFO InvoiceServiceTest.close, line 35 -> Closing tests
04-05-2018 12:46:08 INFO InvoiceServiceTest.init, line 30 -> Starting tests
04-05-2018 12:46:08 INFO InvoiceServiceTest.close, line 35 -> Closing tests
04-05-2018 12:46:39 INFO InvoiceServiceTest.init, line 30 -> Starting tests
04-05-2018 12:46:40 INFO InvoiceServiceTest.close, line 35 -> Closing tests
04-05-2018 12:46:48 INFO InvoiceServiceTest.init, line 30 -> Starting tests
04-05-2018 12:46:48 ERROR GenericAbstractDao.addToDB, line 163 -> com.mysql.jdbc.exceptions.jdbc4.MySQLIntegrityConstraintViolationException: Duplicate entry '1001' for key 'order_code'
04-05-2018 12:46:48 INFO InvoiceServiceTest.close, line 35 -> Closing tests
04-05-2018 13:10:57 INFO InvoiceServiceTest.init, line 30 -> Starting tests
04-05-2018 13:10:58 INFO InvoiceServiceTest.findAllInvoicesTest, line 147 -> [
Order Id =     5
Order code:    2
User name:     Client
Order status:  CREATED
Order date:    2018-04-24 12:11:53.0
Order notes:   Created by test script
    Invoice:
************************************************************************************************
1   D003    Royal Canin Mini Junior                           3,00kg    Cost: 0,02
2   D010    Royal Canin Educ                                 10,00pcs   Cost: 0,02
************************************************************************************************
------------------------------------------------------------------------------------------------, 
Order Id =     6
Order code:    3
User name:     Client
Order status:  CREATED
Order date:    2018-04-24 12:11:53.0
Order notes:   Created by test script
    Invoice:
************************************************************************************************
1   D010    Royal Canin Educ                                 50,00pcs   Cost: 0,03
2   D009    Royal Canin Energy                               50,00pcs   Cost: 0,03
3   D008    Royal Canin Maxi Adult                           20,00kg    Cost: 0,03
************************************************************************************************
------------------------------------------------------------------------------------------------, 
Order Id =     31
Order code:    1524747376533
User name:     Yaroslav
Order status:  CREATED
Order date:    2018-04-26 15:56:16.0
Order notes:   Created by InvoiceDaoTester at 2018-04-26 15:56:16.533
    Invoice:
************************************************************************************************
1   C002    Royal Canin Kitten 3 - 12                         1,00kg    Cost: 0,01
2   C001    Royal Canin Kitten 0 - 3                          1,00kg    Cost: 0,01
************************************************************************************************
------------------------------------------------------------------------------------------------, 
Order Id =     32
Order code:    1524747416809
User name:     Yaroslav
Order status:  CREATED
Order date:    2018-04-26 15:56:56.0
Order notes:   Created by InvoiceDaoTester at 2018-04-26 15:56:56.809
    Invoice:
************************************************************************************************
1   C002    Royal Canin Kitten 3 - 12                         1,00kg    Cost: 0,01
2   C001    Royal Canin Kitten 0 - 3                          1,00kg    Cost: 0,01
************************************************************************************************
------------------------------------------------------------------------------------------------, 
Order Id =     33
Order code:    1524752654098
User name:     Yaroslav
Order status:  CREATED
Order date:    2018-04-26 17:24:14.0
Order notes:   Created by InvoiceDaoTester at 2018-04-26 17:24:14.098
    Invoice:
************************************************************************************************
1   C002    Royal Canin Kitten 3 - 12                         1,00kg    Cost: 0,01
2   C001    Royal Canin Kitten 0 - 3                          1,00kg    Cost: 0,01
************************************************************************************************
------------------------------------------------------------------------------------------------, 
Order Id =     34
Order code:    1525273119398
User name:     Yaroslav
Order status:  CREATED
Order date:    2018-05-02 17:58:39.0
Order notes:   Created by InvoiceDaoTester at 2018-05-02 17:58:39.398
    Invoice:
************************************************************************************************
1   C002    Royal Canin Kitten 3 - 12                         1,00kg    Cost: 0,01
2   C001    Royal Canin Kitten 0 - 3                          1,00kg    Cost: 0,01
************************************************************************************************
------------------------------------------------------------------------------------------------, 
Order Id =     4
Order code:    1
User name:     Yaroslav
Order status:  FINISHED
Order date:    2018-04-24 12:11:53.0
Order notes:   Updated by InvoiceDaoTester at 2018-04-25 18:26:26.157
    Invoice:
************************************************************************************************
1   D009    Royal Canin Energy                              300,00pcs   Cost: 280,01
2   D008    Royal Canin Maxi Adult                          287,00kg    Cost: 280,01
3   D006    Royal Canin Medium Adult                        285,00kg    Cost: 280,01
************************************************************************************************
------------------------------------------------------------------------------------------------]
04-05-2018 13:10:58 INFO InvoiceServiceTest.close, line 35 -> Closing tests
04-05-2018 13:11:02 INFO InvoiceServiceTest.init, line 30 -> Starting tests
04-05-2018 13:11:03 INFO InvoiceServiceTest.close, line 35 -> Closing tests
04-05-2018 13:11:14 INFO InvoiceServiceTest.init, line 30 -> Starting tests
04-05-2018 13:11:15 INFO InvoiceServiceTest.findInvoicesByUserTest, line 160 -> [
Order Id =     5
Order code:    2
User name:     Client
Order status:  CREATED
Order date:    2018-04-24 12:11:53.0
Order notes:   Created by test script
    Invoice:
************************************************************************************************
1   D003    Royal Canin Mini Junior                           3,00kg    Cost: 0,02
2   D010    Royal Canin Educ                                 10,00pcs   Cost: 0,02
************************************************************************************************
------------------------------------------------------------------------------------------------, 
Order Id =     6
Order code:    3
User name:     Client
Order status:  CREATED
Order date:    2018-04-24 12:11:53.0
Order notes:   Created by test script
    Invoice:
************************************************************************************************
1   D010    Royal Canin Educ                                 50,00pcs   Cost: 0,03
2   D009    Royal Canin Energy                               50,00pcs   Cost: 0,03
3   D008    Royal Canin Maxi Adult                           20,00kg    Cost: 0,03
************************************************************************************************
------------------------------------------------------------------------------------------------]
04-05-2018 13:11:15 INFO InvoiceServiceTest.close, line 35 -> Closing tests
04-05-2018 13:11:35 INFO InvoiceServiceTest.init, line 30 -> Starting tests
04-05-2018 13:11:36 INFO InvoiceServiceTest.close, line 35 -> Closing tests
04-05-2018 13:11:49 INFO InvoiceServiceTest.init, line 30 -> Starting tests
04-05-2018 13:11:50 INFO InvoiceServiceTest.close, line 35 -> Closing tests
04-05-2018 13:13:07 INFO InvoiceServiceTest.init, line 30 -> Starting tests
04-05-2018 13:13:07 INFO InvoiceServiceTest.close, line 35 -> Closing tests
04-05-2018 13:13:40 INFO InvoiceServiceTest.init, line 30 -> Starting tests
04-05-2018 13:13:41 INFO InvoiceServiceTest.close, line 35 -> Closing tests
04-05-2018 14:19:48 INFO InvoiceServiceTest.init, line 30 -> Starting tests
04-05-2018 14:19:48 INFO InvoiceServiceTest.close, line 35 -> Closing tests
04-05-2018 14:20:03 INFO InvoiceServiceTest.init, line 30 -> Starting tests
04-05-2018 14:20:03 INFO InvoiceServiceTest.close, line 35 -> Closing tests
04-05-2018 14:21:23 INFO InvoiceServiceTest.init, line 30 -> Starting tests
04-05-2018 14:21:24 ERROR MySQLDaoFactory.commitTransaction, line 97 -> java.sql.SQLException: Can't call commit when autocommit=true
04-05-2018 14:21:24 INFO InvoiceServiceTest.close, line 35 -> Closing tests
04-05-2018 14:24:04 INFO InvoiceServiceTest.init, line 30 -> Starting tests
04-05-2018 14:24:05 INFO InvoiceServiceTest.close, line 35 -> Closing tests
04-05-2018 14:28:03 INFO InvoiceServiceTest.init, line 30 -> Starting tests
04-05-2018 14:28:04 INFO InvoiceServiceTest.close, line 35 -> Closing tests
04-05-2018 14:28:44 INFO InvoiceServiceTest.init, line 30 -> Starting tests
04-05-2018 14:28:45 INFO InvoiceServiceTest.close, line 35 -> Closing tests
04-05-2018 14:29:53 INFO InvoiceServiceTest.init, line 30 -> Starting tests
04-05-2018 14:29:54 INFO InvoiceServiceTest.close, line 35 -> Closing tests
04-05-2018 14:32:33 INFO InvoiceServiceTest.init, line 31 -> Starting tests
04-05-2018 14:32:34 INFO InvoiceServiceTest.close, line 36 -> Closing tests
04-05-2018 14:33:30 INFO InvoiceServiceTest.init, line 31 -> Starting tests
04-05-2018 14:33:30 INFO InvoiceServiceTest.close, line 36 -> Closing tests
04-05-2018 16:11:44 INFO InvoiceServiceTest.init, line 31 -> Starting tests
04-05-2018 16:11:45 INFO InvoiceServiceTest.close, line 36 -> Closing tests
04-05-2018 16:12:34 INFO InvoiceServiceTest.init, line 31 -> Starting tests
04-05-2018 16:12:35 INFO InvoiceServiceTest.close, line 36 -> Closing tests
04-05-2018 16:12:50 INFO InvoiceServiceTest.init, line 31 -> Starting tests
04-05-2018 16:12:51 ERROR GenericAbstractDao.deleteFromDB, line 248 -> com.mysql.jdbc.exceptions.jdbc4.MySQLIntegrityConstraintViolationException: Cannot delete or update a parent row: a foreign key constraint fails (`project`.`payments`, CONSTRAINT `payments_ibfk_2` FOREIGN KEY (`order_code`) REFERENCES `orders` (`order_code`) ON UPDATE CASCADE)
04-05-2018 16:12:51 ERROR MySQLDaoFactory.commitTransaction, line 97 -> java.sql.SQLException: Can't call commit when autocommit=true
04-05-2018 16:12:51 INFO InvoiceServiceTest.close, line 36 -> Closing tests
04-05-2018 16:15:55 INFO InvoiceServiceTest.init, line 31 -> Starting tests
04-05-2018 16:16:52 INFO InvoiceServiceTest.init, line 31 -> Starting tests
04-05-2018 16:16:53 ERROR GenericAbstractDao.deleteFromDB, line 248 -> com.mysql.jdbc.exceptions.jdbc4.MySQLIntegrityConstraintViolationException: Cannot delete or update a parent row: a foreign key constraint fails (`project`.`payments`, CONSTRAINT `payments_ibfk_2` FOREIGN KEY (`order_code`) REFERENCES `orders` (`order_code`) ON UPDATE CASCADE)
04-05-2018 16:16:53 ERROR MySQLDaoFactory.commitTransaction, line 97 -> java.sql.SQLException: Can't call commit when autocommit=true
04-05-2018 16:16:53 INFO InvoiceServiceTest.close, line 36 -> Closing tests
04-05-2018 16:17:00 INFO InvoiceServiceTest.init, line 31 -> Starting tests
04-05-2018 16:17:01 ERROR GenericAbstractDao.deleteFromDB, line 248 -> com.mysql.jdbc.exceptions.jdbc4.MySQLIntegrityConstraintViolationException: Cannot delete or update a parent row: a foreign key constraint fails (`project`.`payments`, CONSTRAINT `payments_ibfk_2` FOREIGN KEY (`order_code`) REFERENCES `orders` (`order_code`) ON UPDATE CASCADE)
04-05-2018 16:17:01 ERROR MySQLDaoFactory.commitTransaction, line 97 -> java.sql.SQLException: Can't call commit when autocommit=true
04-05-2018 16:17:01 INFO InvoiceServiceTest.close, line 36 -> Closing tests
04-05-2018 16:20:02 ERROR GenericAbstractDao.deleteFromDB, line 248 -> com.mysql.jdbc.exceptions.jdbc4.MySQLIntegrityConstraintViolationException: Cannot delete or update a parent row: a foreign key constraint fails (`project`.`payments`, CONSTRAINT `payments_ibfk_2` FOREIGN KEY (`order_code`) REFERENCES `orders` (`order_code`) ON UPDATE CASCADE)
04-05-2018 16:20:02 ERROR MySQLDaoFactory.commitTransaction, line 97 -> java.sql.SQLException: Can't call commit when autocommit=true
04-05-2018 16:20:02 INFO InvoiceServiceTest.close, line 36 -> Closing tests
04-05-2018 16:20:05 INFO InvoiceServiceTest.init, line 31 -> Starting tests
04-05-2018 16:20:06 INFO InvoiceServiceTest.close, line 36 -> Closing tests
04-05-2018 16:26:13 INFO InvoiceServiceTest.init, line 31 -> Starting tests
04-05-2018 16:26:14 INFO InvoiceServiceTest.close, line 36 -> Closing tests
04-05-2018 16:26:18 INFO InvoiceServiceTest.init, line 31 -> Starting tests
04-05-2018 16:26:19 ERROR InvoiceService.findInvoiceByOrderNumber, line 105 -> com.epam.project.exceptions.DataNotFoundException: Data not found in DB by specified key
04-05-2018 16:26:19 ERROR GenericAbstractDao.deleteFromDB, line 248 -> java.sql.SQLException: No value specified for parameter 1
04-05-2018 16:26:19 ERROR MySQLDaoFactory.commitTransaction, line 98 -> java.sql.SQLException: Can't call commit when autocommit=true
04-05-2018 16:26:19 INFO InvoiceServiceTest.close, line 36 -> Closing tests
04-05-2018 16:26:42 INFO InvoiceServiceTest.init, line 31 -> Starting tests
04-05-2018 16:26:42 INFO InvoiceServiceTest.close, line 36 -> Closing tests
04-05-2018 16:26:52 INFO InvoiceServiceTest.init, line 31 -> Starting tests
04-05-2018 16:26:53 ERROR GenericAbstractDao.deleteFromDB, line 248 -> com.mysql.jdbc.exceptions.jdbc4.MySQLIntegrityConstraintViolationException: Cannot delete or update a parent row: a foreign key constraint fails (`project`.`payments`, CONSTRAINT `payments_ibfk_2` FOREIGN KEY (`order_code`) REFERENCES `orders` (`order_code`) ON UPDATE CASCADE)
04-05-2018 16:26:53 ERROR MySQLDaoFactory.commitTransaction, line 98 -> java.sql.SQLException: Can't call commit when autocommit=true
04-05-2018 16:26:53 INFO InvoiceServiceTest.close, line 36 -> Closing tests
04-05-2018 16:28:15 INFO InvoiceServiceTest.init, line 31 -> Starting tests
04-05-2018 16:28:15 ERROR MySQLDaoFactory.beginTransaction, line 88 -> java.sql.SQLException: Transaction isolation level NONE not supported by MySQL
04-05-2018 16:28:15 ERROR InvoiceService.findInvoiceByOrderNumber, line 105 -> com.epam.project.exceptions.DataBaseConnectionException: Unable to connect to database
04-05-2018 16:28:15 ERROR MySQLDaoFactory.beginTransaction, line 88 -> java.sql.SQLException: Transaction isolation level NONE not supported by MySQL
04-05-2018 16:28:15 INFO InvoiceServiceTest.close, line 36 -> Closing tests
04-05-2018 16:28:41 INFO InvoiceServiceTest.init, line 31 -> Starting tests
04-05-2018 16:28:42 ERROR GenericAbstractDao.deleteFromDB, line 248 -> com.mysql.jdbc.exceptions.jdbc4.MySQLIntegrityConstraintViolationException: Cannot delete or update a parent row: a foreign key constraint fails (`project`.`payments`, CONSTRAINT `payments_ibfk_2` FOREIGN KEY (`order_code`) REFERENCES `orders` (`order_code`) ON UPDATE CASCADE)
04-05-2018 16:28:42 ERROR MySQLDaoFactory.commitTransaction, line 98 -> java.sql.SQLException: Can't call commit when autocommit=true
04-05-2018 16:28:42 INFO InvoiceServiceTest.close, line 36 -> Closing tests
04-05-2018 16:31:45 INFO InvoiceServiceTest.init, line 31 -> Starting tests
04-05-2018 16:31:46 ERROR GenericAbstractDao.deleteFromDB, line 248 -> com.mysql.jdbc.exceptions.jdbc4.MySQLIntegrityConstraintViolationException: Cannot delete or update a parent row: a foreign key constraint fails (`project`.`payments`, CONSTRAINT `payments_ibfk_2` FOREIGN KEY (`order_code`) REFERENCES `orders` (`order_code`) ON UPDATE CASCADE)
04-05-2018 16:31:46 ERROR MySQLDaoFactory.commitTransaction, line 97 -> java.sql.SQLException: Can't call commit when autocommit=true
04-05-2018 16:31:46 INFO InvoiceServiceTest.close, line 36 -> Closing tests
04-05-2018 16:33:00 INFO InvoiceServiceTest.init, line 31 -> Starting tests
04-05-2018 16:33:01 ERROR GenericAbstractDao.deleteFromDB, line 248 -> com.mysql.jdbc.exceptions.jdbc4.MySQLIntegrityConstraintViolationException: Cannot delete or update a parent row: a foreign key constraint fails (`project`.`payments`, CONSTRAINT `payments_ibfk_2` FOREIGN KEY (`order_code`) REFERENCES `orders` (`order_code`) ON UPDATE CASCADE)
04-05-2018 16:33:01 ERROR MySQLDaoFactory.commitTransaction, line 97 -> java.sql.SQLException: Can't call commit when autocommit=true
04-05-2018 16:33:01 INFO InvoiceServiceTest.close, line 36 -> Closing tests
04-05-2018 16:35:48 INFO InvoiceServiceTest.init, line 31 -> Starting tests
04-05-2018 16:35:48 ERROR MySQLDaoFactory.commitTransaction, line 97 -> java.sql.SQLException: Can't call commit when autocommit=true
04-05-2018 16:35:48 INFO InvoiceServiceTest.close, line 36 -> Closing tests
04-05-2018 16:38:02 INFO InvoiceServiceTest.init, line 31 -> Starting tests
04-05-2018 16:38:03 INFO InvoiceServiceTest.close, line 36 -> Closing tests
04-05-2018 16:38:07 INFO InvoiceServiceTest.init, line 31 -> Starting tests
04-05-2018 16:38:07 INFO InvoiceServiceTest.close, line 36 -> Closing tests
04-05-2018 16:38:27 INFO InvoiceServiceTest.init, line 31 -> Starting tests
04-05-2018 16:38:27 INFO InvoiceServiceTest.close, line 36 -> Closing tests
04-05-2018 16:38:39 INFO InvoiceServiceTest.init, line 31 -> Starting tests
04-05-2018 16:38:40 INFO InvoiceServiceTest.close, line 36 -> Closing tests
07-05-2018 11:37:40 INFO UserServiceTest.init, line 27 -> Starting tests
07-05-2018 11:37:42 INFO UserServiceTest.close, line 38 -> Finishing tests
07-05-2018 11:38:04 INFO UserServiceTest.init, line 27 -> Starting tests
07-05-2018 11:38:04 INFO UserServiceTest.testFindUser1, line 92 -> 
User ID = 1
Name: Yaroslav
Password: yaroslav
e-mail: joshimo.kiev@gmal.com
Role: USER
Notes: Created by test script
---------------------------------------------------------------------------------------------------
07-05-2018 11:38:04 INFO UserServiceTest.close, line 38 -> Finishing tests
07-05-2018 11:38:49 INFO UserServiceTest.init, line 27 -> Starting tests
07-05-2018 11:38:50 INFO UserServiceTest.close, line 38 -> Finishing tests
07-05-2018 11:41:58 INFO UserServiceTest.init, line 27 -> Starting tests
07-05-2018 11:41:58 INFO UserServiceTest.close, line 38 -> Finishing tests
07-05-2018 11:42:53 INFO UserServiceTest.init, line 27 -> Starting tests
07-05-2018 11:42:53 INFO UserServiceTest.close, line 38 -> Finishing tests
07-05-2018 11:43:57 INFO UserServiceTest.init, line 27 -> Starting tests
07-05-2018 11:43:58 INFO UserServiceTest.close, line 38 -> Finishing tests
07-05-2018 11:44:23 INFO UserServiceTest.init, line 27 -> Starting tests
07-05-2018 11:44:24 INFO UserServiceTest.close, line 38 -> Finishing tests
07-05-2018 11:45:51 INFO UserServiceTest.init, line 27 -> Starting tests
07-05-2018 11:45:52 INFO UserServiceTest.close, line 38 -> Finishing tests
07-05-2018 11:46:49 INFO UserServiceTest.init, line 27 -> Starting tests
07-05-2018 11:46:49 INFO UserServiceTest.close, line 38 -> Finishing tests
07-05-2018 11:47:03 INFO UserServiceTest.init, line 27 -> Starting tests
07-05-2018 11:47:06 INFO UserServiceTest.close, line 38 -> Finishing tests
07-05-2018 11:47:11 INFO UserServiceTest.init, line 27 -> Starting tests
07-05-2018 11:47:14 INFO UserServiceTest.close, line 38 -> Finishing tests
07-05-2018 11:48:32 INFO UserServiceTest.init, line 27 -> Starting tests
07-05-2018 11:48:33 INFO UserServiceTest.testUpdateUser, line 117 -> 
User ID = 11
Name: test
Password: test
e-mail: Somebody@gmail.com
Role: ADMIN
Notes: Updated by UserServiceTest at 2018-05-07 11:48:33.186
---------------------------------------------------------------------------------------------------
07-05-2018 11:48:33 INFO UserServiceTest.close, line 38 -> Finishing tests
07-05-2018 11:48:58 INFO UserServiceTest.init, line 27 -> Starting tests
07-05-2018 11:48:59 INFO UserServiceTest.close, line 38 -> Finishing tests
07-05-2018 11:49:02 INFO UserServiceTest.init, line 27 -> Starting tests
07-05-2018 11:49:03 INFO UserServiceTest.close, line 38 -> Finishing tests
07-05-2018 11:50:03 INFO ProductServiceTest.init, line 24 -> Starting tests
07-05-2018 11:50:03 INFO ProductServiceTest.close, line 34 -> Finishing tests
07-05-2018 11:50:20 INFO ProductServiceTest.init, line 24 -> Starting tests
07-05-2018 11:50:20 INFO ProductServiceTest.close, line 34 -> Finishing tests
07-05-2018 11:50:27 INFO ProductServiceTest.init, line 24 -> Starting tests
07-05-2018 11:50:28 INFO ProductServiceTest.testAddProduct, line 84 -> 
Product ID = null
Product code = TEST001
isAvailable: true
nameEn: Royal Canin Kitten 30 - 120
nameRu: Royal Canin Kitten 30 - 120
descriptionEn: Royal Canin dry feed for kittens 30 - 120 month
descriptionRu: Корм Роял Канин для котят в возрасте 30 - 120 месяцeв
cost: 247.5
quantity: 50.0
reservedQuantity: 0.0
uomEn: kg
uomRu: кг
notesEn: Created by ProductServiceTest
notesRu: Сгенерировано классом ProductServiceTest
---------------------------------------------------------------------------------------------------
07-05-2018 11:50:28 INFO ProductServiceTest.close, line 34 -> Finishing tests
07-05-2018 11:51:25 INFO ProductServiceTest.init, line 24 -> Starting tests
07-05-2018 11:51:25 INFO ProductServiceTest.close, line 34 -> Finishing tests
07-05-2018 11:51:48 INFO ProductServiceTest.init, line 24 -> Starting tests
07-05-2018 11:51:49 INFO ProductServiceTest.close, line 34 -> Finishing tests
07-05-2018 11:52:32 INFO InvoiceServiceTest.init, line 26 -> Starting tests
07-05-2018 11:52:33 INFO InvoiceServiceTest.findAllInvoicesTest, line 62 -> [
Order Id =     1
Order code:    1
User name:     Yaroslav
Is payd:       false
Order status:  CREATED
Order date:    2018-05-07 11:17:01.0
Order notes:   Created by test script
    Invoice:
************************************************************************************************
1   D009    Royal Canin Energy                               20,00pcs   Cost: 0,01
2   D008    Royal Canin Maxi Adult                            7,00kg    Cost: 0,01
3   D006    Royal Canin Medium Adult                          5,00kg    Cost: 0,01
************************************************************************************************
------------------------------------------------------------------------------------------------, 
Order Id =     2
Order code:    2
User name:     Guest
Is payd:       false
Order status:  CREATED
Order date:    2018-05-07 11:17:01.0
Order notes:   Created by test script
    Invoice:
************************************************************************************************
1   D003    Royal Canin Mini Junior                           3,00kg    Cost: 0,02
2   D010    Royal Canin Educ                                 10,00pcs   Cost: 0,02
************************************************************************************************
------------------------------------------------------------------------------------------------, 
Order Id =     3
Order code:    3
User name:     Guest
Is payd:       false
Order status:  CREATED
Order date:    2018-05-07 11:17:02.0
Order notes:   Created by test script
    Invoice:
************************************************************************************************
1   D010    Royal Canin Educ                                 50,00pcs   Cost: 0,03
2   D009    Royal Canin Energy                               50,00pcs   Cost: 0,03
3   D008    Royal Canin Maxi Adult                           20,00kg    Cost: 0,03
************************************************************************************************
------------------------------------------------------------------------------------------------]
07-05-2018 11:52:33 INFO InvoiceServiceTest.close, line 32 -> Closing tests
07-05-2018 11:52:51 INFO InvoiceServiceTest.init, line 26 -> Starting tests
07-05-2018 11:52:52 INFO InvoiceServiceTest.close, line 32 -> Closing tests
07-05-2018 11:53:17 INFO InvoiceServiceTest.init, line 26 -> Starting tests
07-05-2018 11:53:18 INFO InvoiceServiceTest.findAllInvoicesTest, line 62 -> [
Order Id =     1
Order code:    1
User name:     Yaroslav
Is payd:       false
Order status:  CREATED
Order date:    2018-05-07 11:17:01.0
Order notes:   Created by test script
    Invoice:
************************************************************************************************
1   D009    Royal Canin Energy                               20,00pcs   Cost: 0,01
2   D008    Royal Canin Maxi Adult                            7,00kg    Cost: 0,01
3   D006    Royal Canin Medium Adult                          5,00kg    Cost: 0,01
************************************************************************************************
------------------------------------------------------------------------------------------------, 
Order Id =     2
Order code:    2
User name:     Guest
Is payd:       false
Order status:  CREATED
Order date:    2018-05-07 11:17:01.0
Order notes:   Created by test script
    Invoice:
************************************************************************************************
1   D003    Royal Canin Mini Junior                           3,00kg    Cost: 0,02
2   D010    Royal Canin Educ                                 10,00pcs   Cost: 0,02
************************************************************************************************
------------------------------------------------------------------------------------------------, 
Order Id =     3
Order code:    3
User name:     Guest
Is payd:       false
Order status:  CREATED
Order date:    2018-05-07 11:17:02.0
Order notes:   Created by test script
    Invoice:
************************************************************************************************
1   D010    Royal Canin Educ                                 50,00pcs   Cost: 0,03
2   D009    Royal Canin Energy                               50,00pcs   Cost: 0,03
3   D008    Royal Canin Maxi Adult                           20,00kg    Cost: 0,03
************************************************************************************************
------------------------------------------------------------------------------------------------]
07-05-2018 11:53:18 INFO InvoiceServiceTest.close, line 32 -> Closing tests
07-05-2018 11:53:27 INFO InvoiceServiceTest.init, line 26 -> Starting tests
07-05-2018 11:53:27 INFO InvoiceServiceTest.close, line 32 -> Closing tests
07-05-2018 11:53:49 INFO InvoiceServiceTest.init, line 26 -> Starting tests
07-05-2018 11:53:49 INFO InvoiceServiceTest.findNewInvoicesTest, line 69 -> []
07-05-2018 11:53:49 INFO InvoiceServiceTest.close, line 32 -> Closing tests
07-05-2018 11:55:10 INFO InvoiceServiceTest.init, line 26 -> Starting tests
07-05-2018 11:55:10 INFO InvoiceServiceTest.findInvoicesByUserTest, line 76 -> [
Order Id =     2
Order code:    2
User name:     Guest
Is payd:       false
Order status:  CREATED
Order date:    2018-05-07 11:17:01.0
Order notes:   Created by test script
    Invoice:
************************************************************************************************
1   D003    Royal Canin Mini Junior                           3,00kg    Cost: 0,02
2   D010    Royal Canin Educ                                 10,00pcs   Cost: 0,02
************************************************************************************************
------------------------------------------------------------------------------------------------, 
Order Id =     3
Order code:    3
User name:     Guest
Is payd:       false
Order status:  CREATED
Order date:    2018-05-07 11:17:02.0
Order notes:   Created by test script
    Invoice:
************************************************************************************************
1   D010    Royal Canin Educ                                 50,00pcs   Cost: 0,03
2   D009    Royal Canin Energy                               50,00pcs   Cost: 0,03
3   D008    Royal Canin Maxi Adult                           20,00kg    Cost: 0,03
************************************************************************************************
------------------------------------------------------------------------------------------------]
07-05-2018 11:55:10 INFO InvoiceServiceTest.close, line 32 -> Closing tests
07-05-2018 11:55:25 INFO InvoiceServiceTest.init, line 26 -> Starting tests
07-05-2018 11:55:25 ERROR InvoiceService.findInvoiceByOrderNumber, line 104 -> com.epam.project.exceptions.DataNotFoundException: Data not found in DB by specified key
07-05-2018 11:55:25 INFO InvoiceServiceTest.findInvoicesByOrderNumberTest, line 83 -> 
Order Id =     null
Order code:    null
User name:     null
Is payd:       null
Order status:  null
Order date:    null
Order notes:   null
    Invoice:
************************************************************************************************
************************************************************************************************
------------------------------------------------------------------------------------------------
07-05-2018 11:55:25 INFO InvoiceServiceTest.close, line 32 -> Closing tests
07-05-2018 11:55:59 INFO InvoiceServiceTest.init, line 26 -> Starting tests
07-05-2018 11:55:59 INFO InvoiceServiceTest.close, line 32 -> Closing tests
07-05-2018 11:56:52 INFO InvoiceServiceTest.init, line 26 -> Starting tests
07-05-2018 11:56:53 INFO InvoiceServiceTest.findInvoicesByOrderNumberTest, line 83 -> 
Order Id =     4
Order code:    1000
User name:     Guest
Is payd:       false
Order status:  CREATED
Order date:    2018-05-07 11:55:59.0
Order notes:   Created by InvoiceServiceTest at 2018-05-07 11:55:59.208
    Invoice:
************************************************************************************************
1   D002    Royal Canin X-Small Adult                        10,00kg    Cost: 2580,00
2   D001    Royal Canin X-Small Junior                       10,00kg    Cost: 2820,00
3   D010    Royal Canin Educ                                 50,00pcs   Cost: 1085,00
4   D009    Royal Canin Energy                               50,00pcs   Cost: 1085,00
************************************************************************************************
------------------------------------------------------------------------------------------------
07-05-2018 11:56:53 INFO InvoiceServiceTest.close, line 32 -> Closing tests
07-05-2018 11:57:35 INFO InvoiceServiceTest.init, line 26 -> Starting tests
07-05-2018 11:57:35 INFO InvoiceServiceTest.findInvoicesByOrderNumberTest, line 83 -> 
Order Id =     4
Order code:    1000
User name:     Guest
Is payd:       false
Order status:  CREATED
Order date:    2018-05-07 11:55:59.0
Order notes:   Created by InvoiceServiceTest at 2018-05-07 11:55:59.208
    Invoice:
************************************************************************************************
1   D002    Royal Canin X-Small Adult                        10,00kg    Cost: 2580,00
2   D001    Royal Canin X-Small Junior                       10,00kg    Cost: 2820,00
3   D010    Royal Canin Educ                                 50,00pcs   Cost: 1085,00
4   D009    Royal Canin Energy                               50,00pcs   Cost: 1085,00
************************************************************************************************
------------------------------------------------------------------------------------------------
07-05-2018 11:57:35 INFO InvoiceServiceTest.close, line 32 -> Closing tests
07-05-2018 11:58:31 INFO InvoiceServiceTest.init, line 26 -> Starting tests
07-05-2018 11:58:32 INFO InvoiceServiceTest.close, line 32 -> Closing tests
07-05-2018 11:59:17 INFO InvoiceServiceTest.init, line 26 -> Starting tests
07-05-2018 11:59:17 INFO InvoiceServiceTest.close, line 32 -> Closing tests
07-05-2018 12:02:42 INFO InvoiceServiceTest.init, line 26 -> Starting tests
07-05-2018 12:02:43 INFO InvoiceServiceTest.close, line 32 -> Closing tests
07-05-2018 12:04:08 INFO InvoiceServiceTest.init, line 26 -> Starting tests
07-05-2018 12:04:09 INFO InvoiceServiceTest.close, line 32 -> Closing tests
07-05-2018 12:04:31 INFO InvoiceServiceTest.init, line 26 -> Starting tests
07-05-2018 12:04:31 INFO InvoiceServiceTest.close, line 32 -> Closing tests
07-05-2018 14:30:52 ERROR GenericAbstractDao.addToDB, line 163 -> java.sql.SQLException: No value specified for parameter 6
07-05-2018 14:38:41 INFO TransactionServiceTest.findTransactionsTest, line 53 -> [Transaction Id: 7
Payment Id: 3
Invoice Code: 1
User Name:Yaroslav
Payment Value: 0.01
Notes: Created by UserServiceTest at 2018-05-07 14:36:37.882, Transaction Id: 8
Payment Id: 2
Invoice Code: 1
User Name:Yaroslav
Payment Value: 0.01
Notes: Created by UserServiceTest at 2018-05-07 14:36:37.882, Transaction Id: 9
Payment Id: 1
Invoice Code: 1
User Name:Yaroslav
Payment Value: 0.01
Notes: Created by UserServiceTest at 2018-05-07 14:36:37.882]
07-05-2018 14:39:20 INFO TransactionServiceTest.findTransactionsTest, line 53 -> [
Transaction Id: 7
Payment Id: 3
Invoice Code: 1
User Name:Yaroslav
Payment Value: 0.01
Notes: Created by UserServiceTest at 2018-05-07 14:36:37.882
---------------------------------------------------------------------------------------------------, 
Transaction Id: 8
Payment Id: 2
Invoice Code: 1
User Name:Yaroslav
Payment Value: 0.01
Notes: Created by UserServiceTest at 2018-05-07 14:36:37.882
---------------------------------------------------------------------------------------------------, 
Transaction Id: 9
Payment Id: 1
Invoice Code: 1
User Name:Yaroslav
Payment Value: 0.01
Notes: Created by UserServiceTest at 2018-05-07 14:36:37.882
---------------------------------------------------------------------------------------------------]
07-05-2018 14:39:37 INFO TransactionServiceTest.findTransactionsTest, line 53 -> [
Transaction Id: 7
Payment Id: 3
Invoice Code: 1
User Name: Yaroslav
Payment Value: 0.01
Notes: Created by UserServiceTest at 2018-05-07 14:36:37.882
---------------------------------------------------------------------------------------------------, 
Transaction Id: 8
Payment Id: 2
Invoice Code: 1
User Name: Yaroslav
Payment Value: 0.01
Notes: Created by UserServiceTest at 2018-05-07 14:36:37.882
---------------------------------------------------------------------------------------------------, 
Transaction Id: 9
Payment Id: 1
Invoice Code: 1
User Name: Yaroslav
Payment Value: 0.01
Notes: Created by UserServiceTest at 2018-05-07 14:36:37.882
---------------------------------------------------------------------------------------------------]
07-05-2018 16:15:22 INFO InvoiceServiceTest.init, line 26 -> Starting tests
07-05-2018 16:15:25 INFO InvoiceServiceTest.close, line 32 -> Closing tests
07-05-2018 16:16:17 INFO InvoiceServiceTest.init, line 26 -> Starting tests
07-05-2018 16:16:18 ERROR GenericAbstractDao.updateInDB, line 207 -> java.sql.SQLException: Connection is closed.
07-05-2018 16:16:18 INFO InvoiceServiceTest.close, line 32 -> Closing tests
07-05-2018 16:17:19 INFO InvoiceServiceTest.init, line 26 -> Starting tests
07-05-2018 16:17:19 ERROR GenericAbstractDao.updateInDB, line 207 -> java.sql.SQLException: Connection is closed.
07-05-2018 16:17:19 INFO InvoiceServiceTest.close, line 32 -> Closing tests
07-05-2018 16:20:24 INFO InvoiceServiceTest.init, line 26 -> Starting tests
07-05-2018 16:20:24 INFO InvoiceServiceTest.close, line 32 -> Closing tests
07-05-2018 16:21:34 INFO InvoiceServiceTest.init, line 26 -> Starting tests
07-05-2018 16:21:35 INFO InvoiceServiceTest.close, line 32 -> Closing tests
07-05-2018 16:36:48 INFO InvoiceServiceTest.init, line 26 -> Starting tests
07-05-2018 16:36:48 INFO InvoiceServiceTest.close, line 32 -> Closing tests
07-05-2018 16:37:36 INFO InvoiceServiceTest.init, line 26 -> Starting tests
07-05-2018 16:37:37 INFO InvoiceServiceTest.close, line 32 -> Closing tests
07-05-2018 16:37:48 INFO InvoiceServiceTest.init, line 26 -> Starting tests
07-05-2018 16:37:49 INFO InvoiceServiceTest.close, line 32 -> Closing tests
07-05-2018 16:38:21 INFO InvoiceServiceTest.init, line 26 -> Starting tests
07-05-2018 16:38:22 INFO InvoiceServiceTest.close, line 32 -> Closing tests
07-05-2018 16:38:46 INFO InvoiceServiceTest.init, line 26 -> Starting tests
07-05-2018 16:38:46 INFO InvoiceServiceTest.close, line 32 -> Closing tests
07-05-2018 16:39:08 INFO InvoiceServiceTest.init, line 26 -> Starting tests
07-05-2018 16:39:09 INFO InvoiceServiceTest.close, line 32 -> Closing tests
07-05-2018 16:39:31 INFO InvoiceServiceTest.init, line 26 -> Starting tests
07-05-2018 16:39:32 INFO InvoiceServiceTest.close, line 32 -> Closing tests
07-05-2018 17:14:19 INFO InvoiceServiceTest.init, line 26 -> Starting tests
07-05-2018 17:14:19 INFO InvoiceServiceTest.findNewInvoicesTest, line 69 -> []
07-05-2018 17:14:19 INFO InvoiceServiceTest.close, line 32 -> Closing tests
07-05-2018 17:15:10 INFO InvoiceServiceTest.init, line 26 -> Starting tests
07-05-2018 17:15:11 INFO InvoiceServiceTest.close, line 32 -> Closing tests
07-05-2018 17:15:59 INFO InvoiceServiceTest.init, line 26 -> Starting tests
07-05-2018 17:16:00 INFO InvoiceServiceTest.close, line 32 -> Closing tests
07-05-2018 17:16:48 INFO InvoiceServiceTest.init, line 26 -> Starting tests
07-05-2018 17:16:49 INFO InvoiceServiceTest.close, line 32 -> Closing tests
07-05-2018 17:18:10 INFO InvoiceServiceTest.init, line 26 -> Starting tests
07-05-2018 17:18:10 INFO InvoiceServiceTest.close, line 32 -> Closing tests
07-05-2018 17:19:20 INFO InvoiceServiceTest.init, line 26 -> Starting tests
07-05-2018 17:19:21 INFO InvoiceServiceTest.close, line 32 -> Closing tests
07-05-2018 17:19:47 INFO InvoiceServiceTest.init, line 26 -> Starting tests
07-05-2018 17:19:48 INFO InvoiceServiceTest.close, line 32 -> Closing tests
07-05-2018 17:19:54 INFO InvoiceServiceTest.init, line 26 -> Starting tests
07-05-2018 17:19:55 INFO InvoiceServiceTest.close, line 32 -> Closing tests
07-05-2018 17:41:13 INFO InvoiceServiceTest.init, line 26 -> Starting tests
07-05-2018 17:41:14 INFO InvoiceServiceTest.close, line 32 -> Closing tests
07-05-2018 17:43:23 INFO InvoiceServiceTest.init, line 26 -> Starting tests
07-05-2018 17:43:23 INFO InvoiceServiceTest.close, line 32 -> Closing tests
07-05-2018 17:43:45 INFO InvoiceServiceTest.init, line 26 -> Starting tests
07-05-2018 17:43:46 INFO InvoiceServiceTest.close, line 32 -> Closing tests
07-05-2018 17:45:56 INFO InvoiceServiceTest.init, line 26 -> Starting tests
07-05-2018 17:45:57 INFO InvoiceServiceTest.close, line 32 -> Closing tests
07-05-2018 17:46:11 INFO InvoiceServiceTest.init, line 26 -> Starting tests
07-05-2018 17:46:12 INFO InvoiceServiceTest.close, line 32 -> Closing tests
07-05-2018 17:46:16 INFO InvoiceServiceTest.init, line 26 -> Starting tests
07-05-2018 17:46:17 INFO InvoiceServiceTest.close, line 32 -> Closing tests
07-05-2018 17:47:30 INFO InvoiceServiceTest.init, line 26 -> Starting tests
07-05-2018 17:47:31 INFO InvoiceServiceTest.close, line 32 -> Closing tests
07-05-2018 17:49:25 INFO InvoiceServiceTest.init, line 26 -> Starting tests
07-05-2018 17:49:26 INFO InvoiceServiceTest.close, line 32 -> Closing tests
07-05-2018 17:49:48 INFO InvoiceServiceTest.init, line 26 -> Starting tests
07-05-2018 17:49:48 INFO InvoiceServiceTest.close, line 32 -> Closing tests
07-05-2018 17:49:56 INFO InvoiceServiceTest.init, line 26 -> Starting tests
07-05-2018 17:49:57 INFO InvoiceServiceTest.close, line 32 -> Closing tests
07-05-2018 17:50:04 INFO InvoiceServiceTest.init, line 26 -> Starting tests
07-05-2018 17:50:05 INFO InvoiceServiceTest.close, line 32 -> Closing tests
07-05-2018 17:50:10 INFO InvoiceServiceTest.init, line 26 -> Starting tests
07-05-2018 17:50:11 INFO InvoiceServiceTest.close, line 32 -> Closing tests
07-05-2018 17:50:55 INFO InvoiceServiceTest.init, line 26 -> Starting tests
07-05-2018 17:50:56 INFO InvoiceServiceTest.close, line 32 -> Closing tests
07-05-2018 17:53:04 INFO InvoiceServiceTest.init, line 26 -> Starting tests
07-05-2018 17:53:05 INFO InvoiceServiceTest.close, line 32 -> Closing tests
07-05-2018 17:53:41 INFO InvoiceServiceTest.init, line 26 -> Starting tests
07-05-2018 17:53:41 INFO InvoiceServiceTest.close, line 32 -> Closing tests
07-05-2018 17:54:09 INFO InvoiceServiceTest.init, line 26 -> Starting tests
07-05-2018 17:54:09 INFO InvoiceServiceTest.close, line 32 -> Closing tests
08-05-2018 11:55:00 INFO InvoiceServiceTest.init, line 26 -> Starting tests
08-05-2018 11:55:03 INFO InvoiceServiceTest.close, line 32 -> Closing tests
08-05-2018 11:56:00 INFO InvoiceServiceTest.init, line 26 -> Starting tests
08-05-2018 11:56:02 INFO InvoiceServiceTest.close, line 32 -> Closing tests
08-05-2018 12:01:17 INFO InvoiceServiceTest.init, line 26 -> Starting tests
08-05-2018 12:01:18 INFO InvoiceServiceTest.close, line 32 -> Closing tests
08-05-2018 12:02:02 INFO InvoiceServiceTest.init, line 26 -> Starting tests
08-05-2018 12:02:03 INFO InvoiceServiceTest.close, line 32 -> Closing tests
08-05-2018 12:02:07 INFO InvoiceServiceTest.init, line 26 -> Starting tests
08-05-2018 12:02:08 INFO InvoiceServiceTest.close, line 32 -> Closing tests
08-05-2018 12:35:30 INFO InvoiceServiceTest.init, line 26 -> Starting tests
08-05-2018 12:35:32 INFO InvoiceServiceTest.close, line 32 -> Closing tests
08-05-2018 12:36:21 INFO InvoiceServiceTest.init, line 26 -> Starting tests
08-05-2018 12:36:26 INFO InvoiceServiceTest.close, line 32 -> Closing tests
08-05-2018 12:51:24 INFO InvoiceServiceTest.init, line 26 -> Starting tests
08-05-2018 12:51:27 INFO InvoiceServiceTest.close, line 32 -> Closing tests
08-05-2018 13:28:58 INFO InvoiceServiceTest.init, line 26 -> Starting tests
08-05-2018 13:28:59 INFO InvoiceServiceTest.close, line 32 -> Closing tests
08-05-2018 13:29:12 INFO InvoiceServiceTest.init, line 26 -> Starting tests
08-05-2018 13:29:13 INFO InvoiceServiceTest.close, line 32 -> Closing tests
08-05-2018 13:29:23 INFO InvoiceServiceTest.init, line 26 -> Starting tests
08-05-2018 13:29:23 INFO InvoiceServiceTest.close, line 32 -> Closing tests
08-05-2018 13:29:27 INFO InvoiceServiceTest.init, line 26 -> Starting tests
08-05-2018 13:29:27 INFO InvoiceServiceTest.close, line 32 -> Closing tests
08-05-2018 13:43:58 INFO InvoiceServiceTest.init, line 26 -> Starting tests
08-05-2018 13:43:58 ERROR GenericAbstractDao.addToDB, line 91 -> com.mysql.jdbc.exceptions.jdbc4.MySQLIntegrityConstraintViolationException: Duplicate entry '1000' for key 'invoice_code'
08-05-2018 13:43:59 INFO InvoiceServiceTest.close, line 32 -> Closing tests
08-05-2018 13:44:52 INFO InvoiceServiceTest.init, line 26 -> Starting tests
08-05-2018 13:44:52 INFO InvoiceServiceTest.close, line 32 -> Closing tests
08-05-2018 13:45:04 INFO InvoiceServiceTest.init, line 26 -> Starting tests
08-05-2018 13:45:05 INFO InvoiceServiceTest.close, line 32 -> Closing tests
08-05-2018 13:57:43 INFO InvoiceServiceTest.init, line 26 -> Starting tests
08-05-2018 13:57:44 INFO InvoiceServiceTest.close, line 32 -> Closing tests
08-05-2018 13:59:13 INFO InvoiceServiceTest.init, line 26 -> Starting tests
08-05-2018 13:59:14 INFO InvoiceServiceTest.close, line 32 -> Closing tests
08-05-2018 13:59:19 INFO InvoiceServiceTest.init, line 26 -> Starting tests
08-05-2018 13:59:20 INFO InvoiceServiceTest.close, line 32 -> Closing tests
08-05-2018 14:04:18 INFO InvoiceServiceTest.init, line 26 -> Starting tests
08-05-2018 14:04:22 INFO InvoiceServiceTest.close, line 32 -> Closing tests
08-05-2018 14:04:58 INFO InvoiceServiceTest.init, line 26 -> Starting tests
08-05-2018 14:04:59 INFO InvoiceServiceTest.close, line 32 -> Closing tests
08-05-2018 16:39:38 INFO InvoiceServiceTest.init, line 29 -> Starting tests
08-05-2018 16:39:39 INFO InvoiceServiceTest.close, line 36 -> Closing tests
08-05-2018 16:40:22 INFO InvoiceServiceTest.init, line 29 -> Starting tests
08-05-2018 16:40:23 INFO InvoiceServiceTest.close, line 36 -> Closing tests
08-05-2018 16:40:48 INFO InvoiceServiceTest.init, line 29 -> Starting tests
08-05-2018 16:40:49 INFO InvoiceServiceTest.close, line 36 -> Closing tests
08-05-2018 16:41:09 INFO InvoiceServiceTest.init, line 29 -> Starting tests
08-05-2018 16:41:10 INFO InvoiceServiceTest.close, line 36 -> Closing tests
08-05-2018 16:44:47 INFO ProductServiceTest.init, line 27 -> Starting tests
08-05-2018 16:44:47 INFO ProductServiceTest.testAddProduct, line 74 -> 
Product ID = null
Product code = TEST001
isAvailable: true
nameEn: Royal Canin Kitten 30 - 120
nameRu: Royal Canin Kitten 30 - 120
descriptionEn: Royal Canin dry feed for kittens 30 - 120 month
descriptionRu: Корм Роял Канин для котят в возрасте 30 - 120 месяцeв
cost: 247.5
quantity: 50.0
reservedQuantity: 0.0
uomEn: kg
uomRu: кг
notesEn: Created by ProductServiceTest
notesRu: Сгенерировано классом ProductServiceTest
---------------------------------------------------------------------------------------------------
08-05-2018 16:44:47 INFO ProductServiceTest.close, line 38 -> Finishing tests
08-05-2018 16:44:58 INFO ProductServiceTest.init, line 27 -> Starting tests
08-05-2018 16:44:59 INFO ProductServiceTest.close, line 38 -> Finishing tests
08-05-2018 16:45:18 INFO ProductServiceTest.init, line 27 -> Starting tests
08-05-2018 16:45:18 INFO ProductServiceTest.close, line 38 -> Finishing tests
08-05-2018 16:47:45 ERROR InvoiceService.findInvoiceByOrderNumber, line 110 -> com.epam.project.exceptions.DataNotFoundException: Data not found in DB by specified key
08-05-2018 16:47:45 INFO TransactionServiceTest.findTransactionsTest, line 51 -> [
Transaction Id: 15
Payment Id: 131
Invoice Code: 1000
User Name: Guest
Type: PAYMENT
Payment Value: 2580.0
Transaction time: 2018-05-08 16:40:49.0
Notes: 
---------------------------------------------------------------------------------------------------, 
Transaction Id: 16
Payment Id: 132
Invoice Code: 1000
User Name: Guest
Type: PAYMENT
Payment Value: 14100.0
Transaction time: 2018-05-08 16:40:49.0
Notes: 
---------------------------------------------------------------------------------------------------, 
Transaction Id: 17
Payment Id: 133
Invoice Code: 1000
User Name: Guest
Type: PAYMENT
Payment Value: 1085.0
Transaction time: 2018-05-08 16:40:49.0
Notes: 
---------------------------------------------------------------------------------------------------, 
Transaction Id: 18
Payment Id: 134
Invoice Code: 1000
User Name: Guest
Type: PAYMENT
Payment Value: 1085.0
Transaction time: 2018-05-08 16:40:49.0
Notes: 
---------------------------------------------------------------------------------------------------, 
Transaction Id: 19
Payment Id: 131
Invoice Code: 1000
User Name: Guest
Type: REFUND
Payment Value: 2580.0
Transaction time: 2018-05-08 16:41:09.0
Notes: 
---------------------------------------------------------------------------------------------------, 
Transaction Id: 20
Payment Id: 132
Invoice Code: 1000
User Name: Guest
Type: REFUND
Payment Value: 14100.0
Transaction time: 2018-05-08 16:41:09.0
Notes: 
---------------------------------------------------------------------------------------------------, 
Transaction Id: 21
Payment Id: 133
Invoice Code: 1000
User Name: Guest
Type: REFUND
Payment Value: 1085.0
Transaction time: 2018-05-08 16:41:10.0
Notes: 
---------------------------------------------------------------------------------------------------, 
Transaction Id: 22
Payment Id: 134
Invoice Code: 1000
User Name: Guest
Type: REFUND
Payment Value: 1085.0
Transaction time: 2018-05-08 16:41:10.0
Notes: 
---------------------------------------------------------------------------------------------------]
08-05-2018 16:53:33 INFO UserServiceTest.init, line 30 -> Starting tests
08-05-2018 16:53:34 INFO UserServiceTest.testFindUser1, line 63 -> 
User ID = 1
Name: Yaroslav
Password: yaroslav
e-mail: joshimo.kiev@gmal.com
Role: USER
Notes: Created by test script
---------------------------------------------------------------------------------------------------
08-05-2018 16:53:34 INFO UserServiceTest.close, line 42 -> Finishing tests
08-05-2018 16:53:40 INFO UserServiceTest.init, line 30 -> Starting tests
08-05-2018 16:53:40 INFO UserServiceTest.close, line 42 -> Finishing tests
08-05-2018 16:53:47 INFO UserServiceTest.init, line 30 -> Starting tests
08-05-2018 16:53:48 INFO UserServiceTest.close, line 42 -> Finishing tests
08-05-2018 16:53:59 INFO UserServiceTest.init, line 30 -> Starting tests
08-05-2018 16:54:00 INFO UserServiceTest.testUpdateUser, line 87 -> 
User ID = 7
Name: test
Password: test
e-mail: Somebody@gmail.com
Role: ADMIN
Notes: Updated by UserServiceTest at 2018-05-08 16:54:00.392
---------------------------------------------------------------------------------------------------
08-05-2018 16:54:00 INFO UserServiceTest.close, line 42 -> Finishing tests
08-05-2018 16:54:19 INFO UserServiceTest.init, line 30 -> Starting tests
08-05-2018 16:54:20 INFO UserServiceTest.close, line 42 -> Finishing tests
08-05-2018 17:13:41 INFO InvoiceServiceTest.init, line 25 -> Starting tests
08-05-2018 17:13:42 INFO InvoiceServiceTest.findAllInvoicesTest, line 64 -> [
Order Id =     36
Order code:    1000
User name:     Guest
Is payd:       true
Order status:  CANCELLED
Order date:    2018-05-08 16:40:23.0
Order notes:   Created by InvoiceServiceTest at 2018-05-08 16:40:22.949
    Invoice:
************************************************************************************************
1   D002    Royal Canin X-Small Adult                        10,00kg    Cost: 2580,00
2   D001    Royal Canin X-Small Junior                       50,00kg    Cost: 14100,00
3   D010    Royal Canin Educ                                 50,00pcs   Cost: 1085,00
4   D009    Royal Canin Energy                               50,00pcs   Cost: 1085,00
************************************************************************************************
------------------------------------------------------------------------------------------------]
08-05-2018 17:13:42 INFO InvoiceServiceTest.close, line 31 -> Closing tests
08-05-2018 17:13:51 INFO InvoiceServiceTest.init, line 25 -> Starting tests
08-05-2018 17:13:52 INFO InvoiceServiceTest.findNewInvoicesTest, line 71 -> []
08-05-2018 17:13:52 INFO InvoiceServiceTest.close, line 31 -> Closing tests
08-05-2018 17:14:35 INFO ProductServiceTest.init, line 26 -> Starting tests
08-05-2018 17:14:36 INFO ProductServiceTest.close, line 37 -> Finishing tests
08-05-2018 17:14:49 INFO ProductServiceTest.init, line 26 -> Starting tests
08-05-2018 17:14:49 INFO ProductServiceTest.close, line 37 -> Finishing tests
08-05-2018 17:15:16 ERROR InvoiceService.findInvoiceByOrderNumber, line 112 -> com.epam.project.exceptions.DataNotFoundException: Data not found in DB by specified key
08-05-2018 17:15:16 INFO TransactionServiceTest.findTransactionsTest, line 39 -> [
Transaction Id: 15
Payment Id: 131
Invoice Code: 1000
User Name: Guest
Type: PAYMENT
Payment Value: 2580.0
Transaction time: 2018-05-08 16:40:49.0
Notes: 
---------------------------------------------------------------------------------------------------, 
Transaction Id: 16
Payment Id: 132
Invoice Code: 1000
User Name: Guest
Type: PAYMENT
Payment Value: 14100.0
Transaction time: 2018-05-08 16:40:49.0
Notes: 
---------------------------------------------------------------------------------------------------, 
Transaction Id: 17
Payment Id: 133
Invoice Code: 1000
User Name: Guest
Type: PAYMENT
Payment Value: 1085.0
Transaction time: 2018-05-08 16:40:49.0
Notes: 
---------------------------------------------------------------------------------------------------, 
Transaction Id: 18
Payment Id: 134
Invoice Code: 1000
User Name: Guest
Type: PAYMENT
Payment Value: 1085.0
Transaction time: 2018-05-08 16:40:49.0
Notes: 
---------------------------------------------------------------------------------------------------, 
Transaction Id: 19
Payment Id: 131
Invoice Code: 1000
User Name: Guest
Type: REFUND
Payment Value: 2580.0
Transaction time: 2018-05-08 16:41:09.0
Notes: 
---------------------------------------------------------------------------------------------------, 
Transaction Id: 20
Payment Id: 132
Invoice Code: 1000
User Name: Guest
Type: REFUND
Payment Value: 14100.0
Transaction time: 2018-05-08 16:41:09.0
Notes: 
---------------------------------------------------------------------------------------------------, 
Transaction Id: 21
Payment Id: 133
Invoice Code: 1000
User Name: Guest
Type: REFUND
Payment Value: 1085.0
Transaction time: 2018-05-08 16:41:10.0
Notes: 
---------------------------------------------------------------------------------------------------, 
Transaction Id: 22
Payment Id: 134
Invoice Code: 1000
User Name: Guest
Type: REFUND
Payment Value: 1085.0
Transaction time: 2018-05-08 16:41:10.0
Notes: 
---------------------------------------------------------------------------------------------------]
08-05-2018 17:31:18 INFO InvoiceServiceTest.init, line 25 -> Starting tests
08-05-2018 17:31:20 INFO InvoiceServiceTest.findNewInvoicesTest, line 71 -> []
08-05-2018 17:31:21 INFO InvoiceServiceTest.findInvoicesByOrderNumberTest, line 85 -> 
Order Id =     37
Order code:    1000
User name:     Guest
Is payd:       true
Order status:  CREATED
Order date:    2018-05-08 17:31:20.0
Order notes:   Created by InvoiceServiceTest at 2018-05-08 17:31:20.067
    Invoice:
************************************************************************************************
1   D009    Royal Canin Energy                               50,00pcs   Cost: 1085,00
2   D005    Royal Canin Medium Junior                        20,00kg    Cost: 3780,00
************************************************************************************************
------------------------------------------------------------------------------------------------
08-05-2018 17:31:21 INFO InvoiceServiceTest.findAllInvoicesTest, line 64 -> [
Order Id =     37
Order code:    1000
User name:     Guest
Is payd:       true
Order status:  CREATED
Order date:    2018-05-08 17:31:20.0
Order notes:   Created by InvoiceServiceTest at 2018-05-08 17:31:20.067
    Invoice:
************************************************************************************************
1   D009    Royal Canin Energy                               50,00pcs   Cost: 1085,00
2   D005    Royal Canin Medium Junior                        20,00kg    Cost: 3780,00
************************************************************************************************
------------------------------------------------------------------------------------------------]
08-05-2018 17:31:21 INFO InvoiceServiceTest.findInvoicesByUserTest, line 78 -> [
Order Id =     37
Order code:    1000
User name:     Guest
Is payd:       true
Order status:  CREATED
Order date:    2018-05-08 17:31:20.0
Order notes:   Created by InvoiceServiceTest at 2018-05-08 17:31:20.067
    Invoice:
************************************************************************************************
1   D009    Royal Canin Energy                               50,00pcs   Cost: 1085,00
2   D005    Royal Canin Medium Junior                        20,00kg    Cost: 3780,00
************************************************************************************************
------------------------------------------------------------------------------------------------]
08-05-2018 17:31:22 ERROR GenericAbstractDao.addToDB, line 91 -> com.mysql.jdbc.exceptions.jdbc4.MySQLIntegrityConstraintViolationException: Duplicate entry '1000' for key 'invoice_code'
08-05-2018 17:31:22 ERROR GenericAbstractDao.addToDB, line 91 -> com.mysql.jdbc.exceptions.jdbc4.MySQLIntegrityConstraintViolationException: Duplicate entry '1000' for key 'invoice_code'
08-05-2018 17:31:22 INFO InvoiceServiceTest.close, line 31 -> Closing tests
08-05-2018 17:31:22 INFO ProductServiceTest.init, line 26 -> Starting tests
08-05-2018 17:31:22 INFO ProductServiceTest.testAddProduct, line 73 -> 
Product ID = null
Product code = TEST001
isAvailable: true
nameEn: Royal Canin Kitten 30 - 120
nameRu: Royal Canin Kitten 30 - 120
descriptionEn: Royal Canin dry feed for kittens 30 - 120 month
descriptionRu:        30 - 120 e
cost: 247.5
quantity: 50.0
reservedQuantity: 0.0
uomEn: kg
uomRu: 
notesEn: Created by ProductServiceTest
notesRu:   ProductServiceTest
---------------------------------------------------------------------------------------------------
08-05-2018 17:31:22 INFO ProductServiceTest.close, line 37 -> Finishing tests
08-05-2018 17:31:22 ERROR InvoiceService.findInvoiceByOrderNumber, line 112 -> com.epam.project.exceptions.DataNotFoundException: Data not found in DB by specified key
08-05-2018 17:31:22 INFO TransactionServiceTest.findTransactionsTest, line 39 -> [
Transaction Id: 15
Payment Id: 131
Invoice Code: 1000
User Name: Guest
Type: PAYMENT
Payment Value: 2580.0
Transaction time: 2018-05-08 16:40:49.0
Notes: 
---------------------------------------------------------------------------------------------------, 
Transaction Id: 16
Payment Id: 132
Invoice Code: 1000
User Name: Guest
Type: PAYMENT
Payment Value: 14100.0
Transaction time: 2018-05-08 16:40:49.0
Notes: 
---------------------------------------------------------------------------------------------------, 
Transaction Id: 17
Payment Id: 133
Invoice Code: 1000
User Name: Guest
Type: PAYMENT
Payment Value: 1085.0
Transaction time: 2018-05-08 16:40:49.0
Notes: 
---------------------------------------------------------------------------------------------------, 
Transaction Id: 18
Payment Id: 134
Invoice Code: 1000
User Name: Guest
Type: PAYMENT
Payment Value: 1085.0
Transaction time: 2018-05-08 16:40:49.0
Notes: 
---------------------------------------------------------------------------------------------------, 
Transaction Id: 19
Payment Id: 131
Invoice Code: 1000
User Name: Guest
Type: REFUND
Payment Value: 2580.0
Transaction time: 2018-05-08 16:41:09.0
Notes: 
---------------------------------------------------------------------------------------------------, 
Transaction Id: 20
Payment Id: 132
Invoice Code: 1000
User Name: Guest
Type: REFUND
Payment Value: 14100.0
Transaction time: 2018-05-08 16:41:09.0
Notes: 
---------------------------------------------------------------------------------------------------, 
Transaction Id: 21
Payment Id: 133
Invoice Code: 1000
User Name: Guest
Type: REFUND
Payment Value: 1085.0
Transaction time: 2018-05-08 16:41:10.0
Notes: 
---------------------------------------------------------------------------------------------------, 
Transaction Id: 22
Payment Id: 134
Invoice Code: 1000
User Name: Guest
Type: REFUND
Payment Value: 1085.0
Transaction time: 2018-05-08 16:41:10.0
Notes: 
---------------------------------------------------------------------------------------------------, 
Transaction Id: 23
Payment Id: 135
Invoice Code: 1000
User Name: Guest
Type: PAYMENT
Payment Value: 1085.0
Transaction time: 2018-05-08 17:31:21.0
Notes: 
---------------------------------------------------------------------------------------------------, 
Transaction Id: 24
Payment Id: 136
Invoice Code: 1000
User Name: Guest
Type: PAYMENT
Payment Value: 3780.0
Transaction time: 2018-05-08 17:31:21.0
Notes: 
---------------------------------------------------------------------------------------------------, 
Transaction Id: 25
Payment Id: 135
Invoice Code: 1000
User Name: Guest
Type: REFUND
Payment Value: 1085.0
Transaction time: 2018-05-08 17:31:21.0
Notes: 
---------------------------------------------------------------------------------------------------, 
Transaction Id: 26
Payment Id: 136
Invoice Code: 1000
User Name: Guest
Type: REFUND
Payment Value: 3780.0
Transaction time: 2018-05-08 17:31:21.0
Notes: 
---------------------------------------------------------------------------------------------------]
08-05-2018 17:31:22 INFO UserServiceTest.init, line 27 -> Starting tests
08-05-2018 17:31:23 INFO UserServiceTest.testUpdateUser, line 80 -> 
User ID = 8
Name: test
Password: test
e-mail: Somebody@gmail.com
Role: ADMIN
Notes: Updated by UserServiceTest at 2018-05-08 17:31:23.021
---------------------------------------------------------------------------------------------------
08-05-2018 17:31:23 INFO UserServiceTest.testFindUser1, line 56 -> 
User ID = 1
Name: Yaroslav
Password: yaroslav
e-mail: joshimo.kiev@gmal.com
Role: USER
Notes: Created by test script
---------------------------------------------------------------------------------------------------
08-05-2018 17:31:23 INFO UserServiceTest.close, line 37 -> Finishing tests
